[2025-08-06 20:37:56,643][__main__][INFO] - Set seed 42 for local rank 0
[2025-08-06 20:37:56,645][__main__][INFO] - === STARTING EXPERIMENT: resnet50_filt_4gpu ===
[2025-08-06 20:37:56,645][__main__][INFO] - PID: 759722
[2025-08-06 20:37:56,645][__main__][INFO] - SLURM_JOB_ID: 28962560
[2025-08-06 20:37:56,645][__main__][INFO] - Architecture: resnet50
[2025-08-06 20:37:56,646][__main__][INFO] - Embedding Dim: 64
[2025-08-06 20:37:56,646][__main__][INFO] - Learning Rate: 0.0003
[2025-08-06 20:37:56,646][__main__][INFO] - Stage3 Stride: [1, 1, 1]
[2025-08-06 20:37:56,646][__main__][INFO] - Stage4 Stride: [1, 1, 1]
[2025-08-06 20:37:56,646][__main__][INFO] - Use LSTM: False
[2025-08-06 20:37:56,646][__main__][INFO] - Dataset: d=9, rounds_max=19, p=2.1
[2025-08-06 20:37:56,646][__main__][INFO] - Accelerator: auto
[2025-08-06 20:37:56,646][__main__][INFO] - Devices: auto
[2025-08-06 20:37:56,646][__main__][INFO] - Strategy: auto
[2025-08-06 20:37:56,646][__main__][INFO] - Num Nodes: 1
[2025-08-06 20:37:56,647][__main__][INFO] - Sync BatchNorm: True
[2025-08-06 20:37:56,647][__main__][INFO] - MWPM filtering: True
[2025-08-06 20:37:56,647][__main__][INFO] - Batch Size: auto-tuned
[2025-08-06 20:37:56,647][__main__][INFO] - Precision: bf16-mixed
[2025-08-06 20:37:56,647][__main__][INFO] - Max Steps: 50000
[2025-08-06 20:37:56,647][__main__][INFO] - Checkpoint every 15 minutes
[2025-08-06 20:37:56,647][__main__][INFO] - Log every 100 steps
[2025-08-06 20:37:56,647][__main__][INFO] - Num Workers: 15
[2025-08-06 20:37:56,647][__main__][INFO] - Prefetch Factor: 4
[2025-08-06 20:37:56,647][__main__][INFO] - Persistent Workers: True
[2025-08-06 20:37:56,647][__main__][INFO] - Experiment directory: /n/netscratch/yelin_lab/Everyone/andigu/scaling/resnet50_filt_4gpu
[2025-08-06 20:37:56,654][__main__][INFO] - Loaded W&B run ID from file: 9mun4wfg
[2025-08-06 20:37:56,654][__main__][INFO] - Setting up W&B logger with existing run ID: 9mun4wfg
[2025-08-06 20:37:56,655][__main__][INFO] - Initializing wandb logger with params
[2025-08-06 20:37:56,795][__main__][INFO] - Loaded batch size 948 from file
[2025-08-06 20:37:56,880][__main__][INFO] - === STARTING TRAINING ===
[2025-08-06 20:38:01,771][__main__][INFO] - Set seed 43 for local rank 1
[2025-08-06 20:38:33,728][__main__][INFO] - Set seed 42 for local rank 0
[2025-08-06 20:38:33,729][__main__][INFO] - === STARTING EXPERIMENT: resnet101_filt_4gpu ===
[2025-08-06 20:38:33,729][__main__][INFO] - PID: 3820470
[2025-08-06 20:38:33,729][__main__][INFO] - SLURM_JOB_ID: 28962566
[2025-08-06 20:38:33,729][__main__][INFO] - Architecture: resnet101
[2025-08-06 20:38:33,729][__main__][INFO] - Embedding Dim: 64
[2025-08-06 20:38:33,729][__main__][INFO] - Learning Rate: 0.001
[2025-08-06 20:38:33,729][__main__][INFO] - Stage3 Stride: [1, 1, 1]
[2025-08-06 20:38:33,729][__main__][INFO] - Stage4 Stride: [1, 1, 1]
[2025-08-06 20:38:33,729][__main__][INFO] - Use LSTM: False
[2025-08-06 20:38:33,729][__main__][INFO] - Dataset: d=9, rounds_max=19, p=2.1
[2025-08-06 20:38:33,729][__main__][INFO] - Accelerator: auto
[2025-08-06 20:38:33,729][__main__][INFO] - Devices: auto
[2025-08-06 20:38:33,729][__main__][INFO] - Strategy: auto
[2025-08-06 20:38:33,730][__main__][INFO] - Num Nodes: 1
[2025-08-06 20:38:33,730][__main__][INFO] - Sync BatchNorm: True
[2025-08-06 20:38:33,730][__main__][INFO] - MWPM filtering: True
[2025-08-06 20:38:33,730][__main__][INFO] - Batch Size: auto-tuned
[2025-08-06 20:38:33,730][__main__][INFO] - Precision: bf16-mixed
[2025-08-06 20:38:33,730][__main__][INFO] - Max Steps: 50000
[2025-08-06 20:38:33,730][__main__][INFO] - Checkpoint every 15 minutes
[2025-08-06 20:38:33,730][__main__][INFO] - Log every 100 steps
[2025-08-06 20:38:33,730][__main__][INFO] - Num Workers: 15
[2025-08-06 20:38:33,730][__main__][INFO] - Prefetch Factor: 4
[2025-08-06 20:38:33,730][__main__][INFO] - Persistent Workers: True
[2025-08-06 20:38:33,730][__main__][INFO] - Experiment directory: /n/netscratch/yelin_lab/Everyone/andigu/scaling/resnet101_filt_4gpu
[2025-08-06 20:38:33,736][__main__][INFO] - Loaded W&B run ID from file: mwv9malo
[2025-08-06 20:38:33,737][__main__][INFO] - Setting up W&B logger with existing run ID: mwv9malo
[2025-08-06 20:38:33,737][__main__][INFO] - Initializing wandb logger with params
[2025-08-06 20:38:33,870][__main__][INFO] - Loaded batch size 455 from file
[2025-08-06 20:38:33,949][__main__][INFO] - === STARTING TRAINING ===
[2025-08-06 20:38:39,304][__main__][INFO] - Set seed 43 for local rank 1
[2025-08-06 20:39:55,363][__main__][ERROR] - === TRAINING FAILED: DataLoader worker (pid 3820743) is killed by signal: Terminated.  ===
[2025-08-06 20:39:55,442][__main__][ERROR] - === TRAINING FAILED: DataLoader worker (pid 760648) is killed by signal: Terminated.  ===
[2025-08-06 20:45:54,769][__main__][INFO] - Set seed 42 for local rank 0
[2025-08-06 20:45:54,769][__main__][INFO] - === STARTING EXPERIMENT: resnet50_filt_4gpu ===
[2025-08-06 20:45:54,770][__main__][INFO] - PID: 763805
[2025-08-06 20:45:54,770][__main__][INFO] - SLURM_JOB_ID: 28962710
[2025-08-06 20:45:54,770][__main__][INFO] - Architecture: resnet50
[2025-08-06 20:45:54,770][__main__][INFO] - Embedding Dim: 64
[2025-08-06 20:45:54,770][__main__][INFO] - Learning Rate: 0.0003
[2025-08-06 20:45:54,770][__main__][INFO] - Stage3 Stride: [1, 1, 1]
[2025-08-06 20:45:54,770][__main__][INFO] - Stage4 Stride: [1, 1, 1]
[2025-08-06 20:45:54,770][__main__][INFO] - Use LSTM: False
[2025-08-06 20:45:54,770][__main__][INFO] - Dataset: d=19, rounds_max=19, p=2.1
[2025-08-06 20:45:54,771][__main__][INFO] - Accelerator: auto
[2025-08-06 20:45:54,771][__main__][INFO] - Devices: auto
[2025-08-06 20:45:54,771][__main__][INFO] - Strategy: auto
[2025-08-06 20:45:54,771][__main__][INFO] - Num Nodes: 1
[2025-08-06 20:45:54,771][__main__][INFO] - Sync BatchNorm: True
[2025-08-06 20:45:54,771][__main__][INFO] - MWPM filtering: True
[2025-08-06 20:45:54,771][__main__][INFO] - Batch Size: auto-tuned
[2025-08-06 20:45:54,771][__main__][INFO] - Precision: bf16-mixed
[2025-08-06 20:45:54,771][__main__][INFO] - Max Steps: 50000
[2025-08-06 20:45:54,771][__main__][INFO] - Checkpoint every 15 minutes
[2025-08-06 20:45:54,771][__main__][INFO] - Log every 100 steps
[2025-08-06 20:45:54,771][__main__][INFO] - Num Workers: 15
[2025-08-06 20:45:54,772][__main__][INFO] - Prefetch Factor: 4
[2025-08-06 20:45:54,772][__main__][INFO] - Persistent Workers: True
[2025-08-06 20:45:54,772][__main__][INFO] - Experiment directory: /n/netscratch/yelin_lab/Everyone/andigu/scaling/resnet50_filt_4gpu
[2025-08-06 20:45:54,780][__main__][INFO] - Loaded W&B run ID from file: xissoqhx
[2025-08-06 20:45:54,780][__main__][INFO] - Setting up W&B logger with existing run ID: xissoqhx
[2025-08-06 20:45:54,780][__main__][INFO] - Initializing wandb logger with params
[2025-08-06 20:45:54,909][__main__][INFO] - Loaded batch size 236 from file
[2025-08-06 20:45:54,995][__main__][INFO] - === STARTING TRAINING ===
[2025-08-06 20:45:59,973][__main__][INFO] - Set seed 43 for local rank 1
[2025-08-06 22:24:26,887][__main__][INFO] - Set seed 42 for local rank 0
[2025-08-06 22:24:26,887][__main__][INFO] - === STARTING EXPERIMENT: 50_no_chunk ===
[2025-08-06 22:24:26,887][__main__][INFO] - PID: 587779
[2025-08-06 22:24:26,887][__main__][INFO] - SLURM_JOB_ID: 28966327
[2025-08-06 22:24:26,887][__main__][INFO] - Architecture: resnet50
[2025-08-06 22:24:26,887][__main__][INFO] - Embedding Dim: 64
[2025-08-06 22:24:26,887][__main__][INFO] - Learning Rate: 0.0003
[2025-08-06 22:24:26,887][__main__][INFO] - Stage3 Stride: [1, 1, 1]
[2025-08-06 22:24:26,887][__main__][INFO] - Stage4 Stride: [1, 1, 1]
[2025-08-06 22:24:26,887][__main__][INFO] - Use LSTM: False
[2025-08-06 22:24:26,888][__main__][INFO] - Dataset: d=19, rounds_max=19, p=2.1
[2025-08-06 22:24:26,888][__main__][INFO] - Accelerator: auto
[2025-08-06 22:24:26,888][__main__][INFO] - Devices: auto
[2025-08-06 22:24:26,888][__main__][INFO] - Strategy: auto
[2025-08-06 22:24:26,888][__main__][INFO] - Num Nodes: 1
[2025-08-06 22:24:26,888][__main__][INFO] - Sync BatchNorm: True
[2025-08-06 22:24:26,888][__main__][INFO] - MWPM filtering: True
[2025-08-06 22:24:26,888][__main__][INFO] - Batch Size: auto-tuned
[2025-08-06 22:24:26,888][__main__][INFO] - Precision: bf16-mixed
[2025-08-06 22:24:26,888][__main__][INFO] - Max Steps: 50000
[2025-08-06 22:24:26,888][__main__][INFO] - Checkpoint every 15 minutes
[2025-08-06 22:24:26,888][__main__][INFO] - Log every 100 steps
[2025-08-06 22:24:26,888][__main__][INFO] - Num Workers: 15
[2025-08-06 22:24:26,888][__main__][INFO] - Prefetch Factor: 4
[2025-08-06 22:24:26,888][__main__][INFO] - Persistent Workers: True
[2025-08-06 22:24:26,888][__main__][INFO] - Experiment directory: /n/netscratch/yelin_lab/Everyone/andigu/scaling/50_no_chunk
[2025-08-06 22:24:26,892][__main__][INFO] - Loaded W&B run ID from file: b7dvoeri
[2025-08-06 22:24:26,892][__main__][INFO] - Setting up W&B logger with existing run ID: b7dvoeri
[2025-08-06 22:24:26,893][__main__][INFO] - Initializing wandb logger with params
[2025-08-06 22:24:26,972][__main__][INFO] - Loaded batch size 57 from file
[2025-08-06 22:24:27,051][__main__][INFO] - === STARTING TRAINING ===
[2025-08-06 22:24:31,490][__main__][INFO] - Set seed 43 for local rank 1
[2025-08-06 22:29:26,664][__main__][INFO] - Set seed 42 for local rank 0
[2025-08-06 22:29:26,664][__main__][INFO] - === STARTING EXPERIMENT: resnet101_filt_4gpu ===
[2025-08-06 22:29:26,664][__main__][INFO] - PID: 334785
[2025-08-06 22:29:26,664][__main__][INFO] - SLURM_JOB_ID: 28962714
[2025-08-06 22:29:26,665][__main__][INFO] - Architecture: resnet101
[2025-08-06 22:29:26,665][__main__][INFO] - Embedding Dim: 64
[2025-08-06 22:29:26,665][__main__][INFO] - Learning Rate: 0.001
[2025-08-06 22:29:26,665][__main__][INFO] - Stage3 Stride: [1, 1, 1]
[2025-08-06 22:29:26,665][__main__][INFO] - Stage4 Stride: [1, 1, 1]
[2025-08-06 22:29:26,665][__main__][INFO] - Use LSTM: False
[2025-08-06 22:29:26,665][__main__][INFO] - Dataset: d=19, rounds_max=19, p=2.1
[2025-08-06 22:29:26,665][__main__][INFO] - Accelerator: auto
[2025-08-06 22:29:26,665][__main__][INFO] - Devices: auto
[2025-08-06 22:29:26,665][__main__][INFO] - Strategy: auto
[2025-08-06 22:29:26,665][__main__][INFO] - Num Nodes: 1
[2025-08-06 22:29:26,665][__main__][INFO] - Sync BatchNorm: True
[2025-08-06 22:29:26,665][__main__][INFO] - MWPM filtering: True
[2025-08-06 22:29:26,665][__main__][INFO] - Batch Size: auto-tuned
[2025-08-06 22:29:26,665][__main__][INFO] - Precision: bf16-mixed
[2025-08-06 22:29:26,665][__main__][INFO] - Max Steps: 50000
[2025-08-06 22:29:26,665][__main__][INFO] - Checkpoint every 15 minutes
[2025-08-06 22:29:26,666][__main__][INFO] - Log every 100 steps
[2025-08-06 22:29:26,666][__main__][INFO] - Num Workers: 15
[2025-08-06 22:29:26,666][__main__][INFO] - Prefetch Factor: 4
[2025-08-06 22:29:26,666][__main__][INFO] - Persistent Workers: True
[2025-08-06 22:29:26,666][__main__][INFO] - Experiment directory: /n/netscratch/yelin_lab/Everyone/andigu/scaling/resnet101_filt_4gpu
[2025-08-06 22:29:26,670][__main__][INFO] - Loaded W&B run ID from file: wqqx9gan
[2025-08-06 22:29:26,671][__main__][INFO] - Setting up W&B logger with existing run ID: wqqx9gan
[2025-08-06 22:29:26,671][__main__][INFO] - Initializing wandb logger with params
[2025-08-06 22:29:26,798][__main__][INFO] - Loaded batch size 113 from file
[2025-08-06 22:29:26,881][__main__][INFO] - === STARTING TRAINING ===
[2025-08-06 22:29:47,891][__main__][INFO] - Set seed 43 for local rank 1
[2025-08-06 22:31:57,253][__main__][INFO] - Set seed 42 for local rank 0
[2025-08-06 22:31:57,255][__main__][INFO] - === STARTING EXPERIMENT: 50_no_chunk ===
[2025-08-06 22:31:57,255][__main__][INFO] - PID: 3901543
[2025-08-06 22:31:57,255][__main__][INFO] - SLURM_JOB_ID: 28966327
[2025-08-06 22:31:57,255][__main__][INFO] - Architecture: resnet50
[2025-08-06 22:31:57,255][__main__][INFO] - Embedding Dim: 64
[2025-08-06 22:31:57,255][__main__][INFO] - Learning Rate: 0.0003
[2025-08-06 22:31:57,255][__main__][INFO] - Stage3 Stride: [1, 1, 1]
[2025-08-06 22:31:57,255][__main__][INFO] - Stage4 Stride: [1, 1, 1]
[2025-08-06 22:31:57,255][__main__][INFO] - Use LSTM: False
[2025-08-06 22:31:57,255][__main__][INFO] - Dataset: d=19, rounds_max=19, p=2.1
[2025-08-06 22:31:57,255][__main__][INFO] - Accelerator: auto
[2025-08-06 22:31:57,256][__main__][INFO] - Devices: auto
[2025-08-06 22:31:57,256][__main__][INFO] - Strategy: auto
[2025-08-06 22:31:57,256][__main__][INFO] - Num Nodes: 1
[2025-08-06 22:31:57,256][__main__][INFO] - Sync BatchNorm: True
[2025-08-06 22:31:57,256][__main__][INFO] - MWPM filtering: True
[2025-08-06 22:31:57,256][__main__][INFO] - Batch Size: auto-tuned
[2025-08-06 22:31:57,256][__main__][INFO] - Precision: bf16-mixed
[2025-08-06 22:31:57,256][__main__][INFO] - Max Steps: 50000
[2025-08-06 22:31:57,256][__main__][INFO] - Checkpoint every 15 minutes
[2025-08-06 22:31:57,256][__main__][INFO] - Log every 100 steps
[2025-08-06 22:31:57,256][__main__][INFO] - Num Workers: 15
[2025-08-06 22:31:57,256][__main__][INFO] - Prefetch Factor: 4
[2025-08-06 22:31:57,256][__main__][INFO] - Persistent Workers: True
[2025-08-06 22:31:57,256][__main__][INFO] - Experiment directory: /n/netscratch/yelin_lab/Everyone/andigu/scaling/50_no_chunk
[2025-08-06 22:31:57,266][__main__][INFO] - Loaded W&B run ID from file: b7dvoeri
[2025-08-06 22:31:57,266][__main__][INFO] - Setting up W&B logger with existing run ID: b7dvoeri
[2025-08-06 22:31:57,266][__main__][INFO] - Initializing wandb logger with params
[2025-08-06 22:31:57,342][__main__][INFO] - Loaded batch size 57 from file
[2025-08-06 22:31:57,421][__main__][INFO] - === STARTING TRAINING ===
[2025-08-06 22:32:04,361][__main__][INFO] - Set seed 43 for local rank 1
[2025-08-06 22:42:39,558][__main__][INFO] - Set seed 42 for local rank 0
[2025-08-06 22:42:39,558][__main__][INFO] - === STARTING EXPERIMENT: 50_no_chunk ===
[2025-08-06 22:42:39,558][__main__][INFO] - PID: 3832456
[2025-08-06 22:42:39,558][__main__][INFO] - SLURM_JOB_ID: 28966327
[2025-08-06 22:42:39,558][__main__][INFO] - Architecture: resnet50
[2025-08-06 22:42:39,558][__main__][INFO] - Embedding Dim: 64
[2025-08-06 22:42:39,558][__main__][INFO] - Learning Rate: 0.0003
[2025-08-06 22:42:39,558][__main__][INFO] - Stage3 Stride: [1, 1, 1]
[2025-08-06 22:42:39,558][__main__][INFO] - Stage4 Stride: [1, 1, 1]
[2025-08-06 22:42:39,558][__main__][INFO] - Use LSTM: False
[2025-08-06 22:42:39,559][__main__][INFO] - Dataset: d=19, rounds_max=19, p=2.1
[2025-08-06 22:42:39,559][__main__][INFO] - Accelerator: auto
[2025-08-06 22:42:39,559][__main__][INFO] - Devices: auto
[2025-08-06 22:42:39,559][__main__][INFO] - Strategy: auto
[2025-08-06 22:42:39,559][__main__][INFO] - Num Nodes: 1
[2025-08-06 22:42:39,559][__main__][INFO] - Sync BatchNorm: True
[2025-08-06 22:42:39,559][__main__][INFO] - MWPM filtering: True
[2025-08-06 22:42:39,559][__main__][INFO] - Batch Size: auto-tuned
[2025-08-06 22:42:39,559][__main__][INFO] - Precision: bf16-mixed
[2025-08-06 22:42:39,559][__main__][INFO] - Max Steps: 50000
[2025-08-06 22:42:39,559][__main__][INFO] - Checkpoint every 15 minutes
[2025-08-06 22:42:39,559][__main__][INFO] - Log every 100 steps
[2025-08-06 22:42:39,559][__main__][INFO] - Num Workers: 15
[2025-08-06 22:42:39,559][__main__][INFO] - Prefetch Factor: 4
[2025-08-06 22:42:39,559][__main__][INFO] - Persistent Workers: True
[2025-08-06 22:42:39,559][__main__][INFO] - Experiment directory: /n/netscratch/yelin_lab/Everyone/andigu/scaling/50_no_chunk
[2025-08-06 22:42:39,565][__main__][INFO] - Loaded W&B run ID from file: b7dvoeri
[2025-08-06 22:42:39,566][__main__][INFO] - Setting up W&B logger with existing run ID: b7dvoeri
[2025-08-06 22:42:39,566][__main__][INFO] - Initializing wandb logger with params
[2025-08-06 22:42:39,640][__main__][INFO] - Loaded batch size 57 from file
[2025-08-06 22:42:39,722][__main__][INFO] - === STARTING TRAINING ===
[2025-08-06 22:42:46,624][__main__][INFO] - Set seed 43 for local rank 1
[2025-08-06 22:54:25,520][__main__][INFO] - Set seed 42 for local rank 0
[2025-08-06 22:54:25,520][__main__][INFO] - === STARTING EXPERIMENT: 50_no_chunk ===
[2025-08-06 22:54:25,520][__main__][INFO] - PID: 3919820
[2025-08-06 22:54:25,521][__main__][INFO] - SLURM_JOB_ID: 28966820
[2025-08-06 22:54:25,521][__main__][INFO] - Architecture: resnet50
[2025-08-06 22:54:25,521][__main__][INFO] - Embedding Dim: 64
[2025-08-06 22:54:25,521][__main__][INFO] - Learning Rate: 0.0003
[2025-08-06 22:54:25,521][__main__][INFO] - Stage3 Stride: [1, 1, 1]
[2025-08-06 22:54:25,521][__main__][INFO] - Stage4 Stride: [1, 1, 1]
[2025-08-06 22:54:25,521][__main__][INFO] - Use LSTM: False
[2025-08-06 22:54:25,521][__main__][INFO] - Dataset: d=9, rounds_max=19, p=2.1
[2025-08-06 22:54:25,521][__main__][INFO] - Accelerator: auto
[2025-08-06 22:54:25,521][__main__][INFO] - Devices: auto
[2025-08-06 22:54:25,521][__main__][INFO] - Strategy: auto
[2025-08-06 22:54:25,521][__main__][INFO] - Num Nodes: 1
[2025-08-06 22:54:25,521][__main__][INFO] - Sync BatchNorm: True
[2025-08-06 22:54:25,521][__main__][INFO] - MWPM filtering: False
[2025-08-06 22:54:25,521][__main__][INFO] - Batch Size: auto-tuned
[2025-08-06 22:54:25,521][__main__][INFO] - Precision: bf16-mixed
[2025-08-06 22:54:25,521][__main__][INFO] - Max Steps: 50000
[2025-08-06 22:54:25,521][__main__][INFO] - Checkpoint every 15 minutes
[2025-08-06 22:54:25,521][__main__][INFO] - Log every 100 steps
[2025-08-06 22:54:25,522][__main__][INFO] - Num Workers: 15
[2025-08-06 22:54:25,522][__main__][INFO] - Prefetch Factor: 4
[2025-08-06 22:54:25,522][__main__][INFO] - Persistent Workers: True
[2025-08-06 22:54:25,522][__main__][INFO] - Experiment directory: /n/netscratch/yelin_lab/Everyone/andigu/scaling/50_no_chunk
[2025-08-06 22:54:25,531][__main__][INFO] - Loaded W&B run ID from file: toi2sl1m
[2025-08-06 22:54:25,532][__main__][INFO] - Setting up W&B logger with existing run ID: toi2sl1m
[2025-08-06 22:54:25,532][__main__][INFO] - Initializing wandb logger with params
[2025-08-06 22:54:25,613][__main__][INFO] - Loaded batch size 236 from file
[2025-08-06 22:54:25,692][__main__][INFO] - === STARTING TRAINING ===
[2025-08-06 22:54:30,079][__main__][INFO] - Set seed 43 for local rank 1
r local rank 1
[2025-08-06 23:09:39,596][__main__][INFO] - Set seed 42 for local rank 0
[2025-08-06 23:09:39,597][__main__][INFO] - === STARTING EXPERIMENT: resnet101_filt_4gpu ===
[2025-08-06 23:09:39,597][__main__][INFO] - PID: 3942120
[2025-08-06 23:09:39,597][__main__][INFO] - SLURM_JOB_ID: 28962714
[2025-08-06 23:09:39,597][__main__][INFO] - Architecture: resnet101
[2025-08-06 23:09:39,597][__main__][INFO] - Embedding Dim: 64
[2025-08-06 23:09:39,597][__main__][INFO] - Learning Rate: 0.001
[2025-08-06 23:09:39,598][__main__][INFO] - Stage3 Stride: [1, 1, 1]
[2025-08-06 23:09:39,598][__main__][INFO] - Stage4 Stride: [1, 1, 1]
[2025-08-06 23:09:39,598][__main__][INFO] - Use LSTM: False
[2025-08-06 23:09:39,598][__main__][INFO] - Dataset: d=19, rounds_max=19, p=2.1
[2025-08-06 23:09:39,598][__main__][INFO] - Accelerator: auto
[2025-08-06 23:09:39,598][__main__][INFO] - Devices: auto
[2025-08-06 23:09:39,598][__main__][INFO] - Strategy: auto
[2025-08-06 23:09:39,598][__main__][INFO] - Num Nodes: 1
[2025-08-06 23:09:39,598][__main__][INFO] - Sync BatchNorm: True
[2025-08-06 23:09:39,598][__main__][INFO] - MWPM filtering: True
[2025-08-06 23:09:39,598][__main__][INFO] - Batch Size: auto-tuned
[2025-08-06 23:09:39,598][__main__][INFO] - Precision: bf16-mixed
[2025-08-06 23:09:39,598][__main__][INFO] - Max Steps: 50000
[2025-08-06 23:09:39,598][__main__][INFO] - Checkpoint every 15 minutes
[2025-08-06 23:09:39,598][__main__][INFO] - Log every 100 steps
[2025-08-06 23:09:39,598][__main__][INFO] - Num Workers: 15
[2025-08-06 23:09:39,598][__main__][INFO] - Prefetch Factor: 4
[2025-08-06 23:09:39,598][__main__][INFO] - Persistent Workers: True
[2025-08-06 23:09:39,598][__main__][INFO] - Experiment directory: /n/netscratch/yelin_lab/Everyone/andigu/scaling/resnet101_filt_4gpu
[2025-08-06 23:09:39,606][__main__][INFO] - Loaded W&B run ID from file: wqqx9gan
[2025-08-06 23:09:39,606][__main__][INFO] - Setting up W&B logger with existing run ID: wqqx9gan
[2025-08-06 23:09:39,606][__main__][INFO] - Initializing wandb logger with params
[2025-08-06 23:09:39,737][__main__][INFO] - Loaded batch size 113 from file
[2025-08-06 23:09:39,816][__main__][INFO] - === STARTING TRAINING ===
[2025-08-06 23:09:49,817][__main__][INFO] - Set seed 43 for local rank 1
[2025-08-06 23:19:02,016][__main__][INFO] - Set seed 42 for local rank 0
[2025-08-06 23:19:02,017][__main__][INFO] - === STARTING EXPERIMENT: 50_no_chunk ===
[2025-08-06 23:19:02,017][__main__][INFO] - PID: 854170
[2025-08-06 23:19:02,018][__main__][INFO] - SLURM_JOB_ID: 28966820
[2025-08-06 23:19:02,018][__main__][INFO] - Architecture: resnet50
[2025-08-06 23:19:02,018][__main__][INFO] - Embedding Dim: 64
[2025-08-06 23:19:02,018][__main__][INFO] - Learning Rate: 0.0003
[2025-08-06 23:19:02,018][__main__][INFO] - Stage3 Stride: [1, 1, 1]
[2025-08-06 23:19:02,018][__main__][INFO] - Stage4 Stride: [1, 1, 1]
[2025-08-06 23:19:02,018][__main__][INFO] - Use LSTM: False
[2025-08-06 23:19:02,018][__main__][INFO] - Dataset: d=9, rounds_max=19, p=2.1
[2025-08-06 23:19:02,018][__main__][INFO] - Accelerator: auto
[2025-08-06 23:19:02,018][__main__][INFO] - Devices: auto
[2025-08-06 23:19:02,018][__main__][INFO] - Strategy: auto
[2025-08-06 23:19:02,018][__main__][INFO] - Num Nodes: 1
[2025-08-06 23:19:02,018][__main__][INFO] - Sync BatchNorm: True
[2025-08-06 23:19:02,018][__main__][INFO] - MWPM filtering: False
[2025-08-06 23:19:02,018][__main__][INFO] - Batch Size: auto-tuned
[2025-08-06 23:19:02,018][__main__][INFO] - Precision: bf16-mixed
[2025-08-06 23:19:02,018][__main__][INFO] - Max Steps: 50000
[2025-08-06 23:19:02,018][__main__][INFO] - Checkpoint every 15 minutes
[2025-08-06 23:19:02,018][__main__][INFO] - Log every 100 steps
[2025-08-06 23:19:02,019][__main__][INFO] - Num Workers: 15
[2025-08-06 23:19:02,019][__main__][INFO] - Prefetch Factor: 4
[2025-08-06 23:19:02,019][__main__][INFO] - Persistent Workers: True
[2025-08-06 23:19:02,019][__main__][INFO] - Experiment directory: /n/netscratch/yelin_lab/Everyone/andigu/scaling/50_no_chunk
[2025-08-06 23:19:02,030][__main__][INFO] - Loaded W&B run ID from file: toi2sl1m
[2025-08-06 23:19:02,030][__main__][INFO] - Setting up W&B logger with existing run ID: toi2sl1m
[2025-08-06 23:19:02,030][__main__][INFO] - Initializing wandb logger with params
[2025-08-06 23:19:02,104][__main__][INFO] - Loaded batch size 236 from file
[2025-08-06 23:19:02,182][__main__][INFO] - === STARTING TRAINING ===
[2025-08-06 23:19:09,519][__main__][INFO] - Set seed 43 for local rank 1
[2025-08-06 23:38:50,308][__main__][ERROR] - === TRAINING FAILED: DataLoader worker (pid 854364) is killed by signal: Terminated.  ===
[2025-08-06 23:42:52,589][__main__][INFO] - Set seed 42 for local rank 0
[2025-08-06 23:42:52,591][__main__][INFO] - === STARTING EXPERIMENT: 50_no_chunk ===
[2025-08-06 23:42:52,591][__main__][INFO] - PID: 4164173
[2025-08-06 23:42:52,591][__main__][INFO] - SLURM_JOB_ID: 28966820
[2025-08-06 23:42:52,591][__main__][INFO] - Architecture: resnet50
[2025-08-06 23:42:52,591][__main__][INFO] - Embedding Dim: 64
[2025-08-06 23:42:52,591][__main__][INFO] - Learning Rate: 0.0003
[2025-08-06 23:42:52,591][__main__][INFO] - Stage3 Stride: [1, 1, 1]
[2025-08-06 23:42:52,591][__main__][INFO] - Stage4 Stride: [1, 1, 1]
[2025-08-06 23:42:52,591][__main__][INFO] - Use LSTM: False
[2025-08-06 23:42:52,591][__main__][INFO] - Dataset: d=9, rounds_max=19, p=2.1
[2025-08-06 23:42:52,591][__main__][INFO] - Accelerator: auto
[2025-08-06 23:42:52,591][__main__][INFO] - Devices: auto
[2025-08-06 23:42:52,591][__main__][INFO] - Strategy: auto
[2025-08-06 23:42:52,591][__main__][INFO] - Num Nodes: 1
[2025-08-06 23:42:52,591][__main__][INFO] - Sync BatchNorm: True
[2025-08-06 23:42:52,592][__main__][INFO] - MWPM filtering: False
[2025-08-06 23:42:52,592][__main__][INFO] - Batch Size: auto-tuned
[2025-08-06 23:42:52,592][__main__][INFO] - Precision: bf16-mixed
[2025-08-06 23:42:52,592][__main__][INFO] - Max Steps: 50000
[2025-08-06 23:42:52,592][__main__][INFO] - Checkpoint every 15 minutes
[2025-08-06 23:42:52,592][__main__][INFO] - Log every 100 steps
[2025-08-06 23:42:52,592][__main__][INFO] - Num Workers: 15
[2025-08-06 23:42:52,592][__main__][INFO] - Prefetch Factor: 4
[2025-08-06 23:42:52,592][__main__][INFO] - Persistent Workers: True
[2025-08-06 23:42:52,592][__main__][INFO] - Experiment directory: /n/netscratch/yelin_lab/Everyone/andigu/scaling/50_no_chunk
[2025-08-06 23:42:52,596][__main__][INFO] - Found latest checkpoint: /n/netscratch/yelin_lab/Everyone/andigu/scaling/50_no_chunk/checkpoints/50_no_chunk-3295-0.1767.ckpt
[2025-08-06 23:42:52,597][__main__][INFO] - Loaded W&B run ID from file: toi2sl1m
[2025-08-06 23:42:52,597][__main__][INFO] - Setting up W&B logger with existing run ID: toi2sl1m
[2025-08-06 23:42:52,598][__main__][INFO] - Initializing wandb logger with params
[2025-08-06 23:42:52,678][__main__][INFO] - Loaded batch size 236 from file
[2025-08-06 23:42:52,753][__main__][INFO] - === STARTING TRAINING ===
[2025-08-06 23:42:52,753][__main__][INFO] - Resuming from checkpoint: /n/netscratch/yelin_lab/Everyone/andigu/scaling/50_no_chunk/checkpoints/50_no_chunk-3295-0.1767.ckpt
[2025-08-06 23:43:02,501][__main__][INFO] - Set seed 43 for local rank 1
[2025-08-07 00:00:54,161][__main__][INFO] - Set seed 42 for local rank 0
[2025-08-07 00:00:54,161][__main__][INFO] - === STARTING EXPERIMENT: resnet101_filt_4gpu ===
[2025-08-07 00:00:54,161][__main__][INFO] - PID: 3950683
[2025-08-07 00:00:54,161][__main__][INFO] - SLURM_JOB_ID: 28962714
[2025-08-07 00:00:54,161][__main__][INFO] - Architecture: resnet101
[2025-08-07 00:00:54,162][__main__][INFO] - Embedding Dim: 64
[2025-08-07 00:00:54,162][__main__][INFO] - Learning Rate: 0.001
[2025-08-07 00:00:54,162][__main__][INFO] - Stage3 Stride: [1, 1, 1]
[2025-08-07 00:00:54,162][__main__][INFO] - Stage4 Stride: [1, 1, 1]
[2025-08-07 00:00:54,162][__main__][INFO] - Use LSTM: False
[2025-08-07 00:00:54,162][__main__][INFO] - Dataset: d=19, rounds_max=19, p=2.1
[2025-08-07 00:00:54,162][__main__][INFO] - Accelerator: auto
[2025-08-07 00:00:54,162][__main__][INFO] - Devices: auto
[2025-08-07 00:00:54,162][__main__][INFO] - Strategy: auto
[2025-08-07 00:00:54,162][__main__][INFO] - Num Nodes: 1
[2025-08-07 00:00:54,162][__main__][INFO] - Sync BatchNorm: True
[2025-08-07 00:00:54,162][__main__][INFO] - MWPM filtering: True
[2025-08-07 00:00:54,162][__main__][INFO] - Batch Size: auto-tuned
[2025-08-07 00:00:54,162][__main__][INFO] - Precision: bf16-mixed
[2025-08-07 00:00:54,162][__main__][INFO] - Max Steps: 50000
[2025-08-07 00:00:54,162][__main__][INFO] - Checkpoint every 15 minutes
[2025-08-07 00:00:54,162][__main__][INFO] - Log every 100 steps
[2025-08-07 00:00:54,162][__main__][INFO] - Num Workers: 15
[2025-08-07 00:00:54,162][__main__][INFO] - Prefetch Factor: 4
[2025-08-07 00:00:54,163][__main__][INFO] - Persistent Workers: True
[2025-08-07 00:00:54,163][__main__][INFO] - Experiment directory: /n/netscratch/yelin_lab/Everyone/andigu/scaling/resnet101_filt_4gpu
[2025-08-07 00:00:54,171][__main__][INFO] - Found latest checkpoint: /n/netscratch/yelin_lab/Everyone/andigu/scaling/resnet101_filt_4gpu/checkpoints/resnet101_filt_4gpu-9319-0.2955.ckpt
[2025-08-07 00:00:54,172][__main__][INFO] - Loaded W&B run ID from file: wqqx9gan
[2025-08-07 00:00:54,172][__main__][INFO] - Setting up W&B logger with existing run ID: wqqx9gan
[2025-08-07 00:00:54,172][__main__][INFO] - Initializing wandb logger with params
[2025-08-07 00:00:54,307][__main__][INFO] - Loaded batch size 113 from file
[2025-08-07 00:00:54,385][__main__][INFO] - === STARTING TRAINING ===
[2025-08-07 00:00:54,385][__main__][INFO] - Resuming from checkpoint: /n/netscratch/yelin_lab/Everyone/andigu/scaling/resnet101_filt_4gpu/checkpoints/resnet101_filt_4gpu-9319-0.2955.ckpt
[2025-08-07 00:01:01,727][__main__][INFO] - Set seed 43 for local rank 1
[2025-08-07 00:16:29,640][__main__][INFO] - Set seed 42 for local rank 0
[2025-08-07 00:16:29,640][__main__][INFO] - === STARTING EXPERIMENT: resnet101_filt_4gpu ===
[2025-08-07 00:16:29,640][__main__][INFO] - PID: 3941786
[2025-08-07 00:16:29,640][__main__][INFO] - SLURM_JOB_ID: 28962714
[2025-08-07 00:16:29,640][__main__][INFO] - Architecture: resnet101
[2025-08-07 00:16:29,641][__main__][INFO] - Embedding Dim: 64
[2025-08-07 00:16:29,641][__main__][INFO] - Learning Rate: 0.001
[2025-08-07 00:16:29,641][__main__][INFO] - Stage3 Stride: [1, 1, 1]
[2025-08-07 00:16:29,641][__main__][INFO] - Stage4 Stride: [1, 1, 1]
[2025-08-07 00:16:29,641][__main__][INFO] - Use LSTM: False
[2025-08-07 00:16:29,641][__main__][INFO] - Dataset: d=19, rounds_max=19, p=2.1
[2025-08-07 00:16:29,641][__main__][INFO] - Accelerator: auto
[2025-08-07 00:16:29,641][__main__][INFO] - Devices: auto
[2025-08-07 00:16:29,641][__main__][INFO] - Strategy: auto
[2025-08-07 00:16:29,641][__main__][INFO] - Num Nodes: 1
[2025-08-07 00:16:29,642][__main__][INFO] - Sync BatchNorm: True
[2025-08-07 00:16:29,642][__main__][INFO] - MWPM filtering: True
[2025-08-07 00:16:29,642][__main__][INFO] - Batch Size: auto-tuned
[2025-08-07 00:16:29,642][__main__][INFO] - Precision: bf16-mixed
[2025-08-07 00:16:29,642][__main__][INFO] - Max Steps: 50000
[2025-08-07 00:16:29,642][__main__][INFO] - Checkpoint every 15 minutes
[2025-08-07 00:16:29,642][__main__][INFO] - Log every 100 steps
[2025-08-07 00:16:29,642][__main__][INFO] - Num Workers: 15
[2025-08-07 00:16:29,642][__main__][INFO] - Prefetch Factor: 4
[2025-08-07 00:16:29,642][__main__][INFO] - Persistent Workers: True
[2025-08-07 00:16:29,643][__main__][INFO] - Experiment directory: /n/netscratch/yelin_lab/Everyone/andigu/scaling/resnet101_filt_4gpu
[2025-08-07 00:16:29,652][__main__][INFO] - Found latest checkpoint: /n/netscratch/yelin_lab/Everyone/andigu/scaling/resnet101_filt_4gpu/checkpoints/resnet101_filt_4gpu-9319-0.2955.ckpt
[2025-08-07 00:16:29,653][__main__][INFO] - Loaded W&B run ID from file: wqqx9gan
[2025-08-07 00:16:29,654][__main__][INFO] - Setting up W&B logger with existing run ID: wqqx9gan
[2025-08-07 00:16:29,654][__main__][INFO] - Initializing wandb logger with params
[2025-08-07 00:16:29,872][__main__][INFO] - Loaded batch size 113 from file
[2025-08-07 00:16:29,957][__main__][INFO] - === STARTING TRAINING ===
[2025-08-07 00:16:29,957][__main__][INFO] - Resuming from checkpoint: /n/netscratch/yelin_lab/Everyone/andigu/scaling/resnet101_filt_4gpu/checkpoints/resnet101_filt_4gpu-9319-0.2955.ckpt
[2025-08-07 00:16:37,512][__main__][INFO] - Set seed 43 for local rank 1
[2025-08-07 00:22:02,095][__main__][INFO] - Set seed 42 for local rank 0
[2025-08-07 00:22:02,095][__main__][INFO] - === STARTING EXPERIMENT: resnet50_lstm ===
[2025-08-07 00:22:02,095][__main__][INFO] - PID: 763180
[2025-08-07 00:22:02,096][__main__][INFO] - SLURM_JOB_ID: 28962711
[2025-08-07 00:22:02,096][__main__][INFO] - Architecture: resnet50
[2025-08-07 00:22:02,096][__main__][INFO] - Embedding Dim: 64
[2025-08-07 00:22:02,096][__main__][INFO] - Learning Rate: 0.0003
[2025-08-07 00:22:02,096][__main__][INFO] - Stage3 Stride: [1, 1, 1]
[2025-08-07 00:22:02,096][__main__][INFO] - Stage4 Stride: [1, 1, 1]
[2025-08-07 00:22:02,096][__main__][INFO] - Use LSTM: True
[2025-08-07 00:22:02,096][__main__][INFO] - Dataset: d=19, rounds_max=19, p=2.1
[2025-08-07 00:22:02,096][__main__][INFO] - Accelerator: auto
[2025-08-07 00:22:02,096][__main__][INFO] - Devices: auto
[2025-08-07 00:22:02,096][__main__][INFO] - Strategy: auto
[2025-08-07 00:22:02,096][__main__][INFO] - Num Nodes: 1
[2025-08-07 00:22:02,096][__main__][INFO] - Sync BatchNorm: True
[2025-08-07 00:22:02,096][__main__][INFO] - MWPM filtering: True
[2025-08-07 00:22:02,096][__main__][INFO] - Batch Size: auto-tuned
[2025-08-07 00:22:02,096][__main__][INFO] - Precision: bf16-mixed
[2025-08-07 00:22:02,096][__main__][INFO] - Max Steps: 50000
[2025-08-07 00:22:02,096][__main__][INFO] - Checkpoint every 15 minutes
[2025-08-07 00:22:02,096][__main__][INFO] - Log every 100 steps
[2025-08-07 00:22:02,097][__main__][INFO] - Num Workers: 15
[2025-08-07 00:22:02,097][__main__][INFO] - Prefetch Factor: 4
[2025-08-07 00:22:02,097][__main__][INFO] - Persistent Workers: True
[2025-08-07 00:22:02,097][__main__][INFO] - Experiment directory: /n/netscratch/yelin_lab/Everyone/andigu/scaling/resnet50_lstm
[2025-08-07 00:22:02,106][__main__][INFO] - Found latest checkpoint: /n/netscratch/yelin_lab/Everyone/andigu/scaling/resnet50_lstm/checkpoints/resnet50_lstm-9481-0.2916.ckpt
[2025-08-07 00:22:02,107][__main__][INFO] - Loaded W&B run ID from file: mmyvoi9d
[2025-08-07 00:22:02,107][__main__][INFO] - Setting up W&B logger with existing run ID: mmyvoi9d
[2025-08-07 00:22:02,107][__main__][INFO] - Initializing wandb logger with params
[2025-08-07 00:22:02,182][__main__][INFO] - Loaded batch size 236 from file
[2025-08-07 00:22:02,256][__main__][INFO] - === STARTING TRAINING ===
[2025-08-07 00:22:02,256][__main__][INFO] - Resuming from checkpoint: /n/netscratch/yelin_lab/Everyone/andigu/scaling/resnet50_lstm/checkpoints/resnet50_lstm-9481-0.2916.ckpt
[2025-08-07 00:22:09,149][__main__][INFO] - Set seed 43 for local rank 1
[2025-08-07 00:22:09,742][__main__][ERROR] - === TRAINING FAILED: TemporalSurfaceCodeDataset.__init__() got an unexpected keyword argument 'use_chunking' ===
[2025-08-07 00:22:27,900][__main__][INFO] - Set seed 42 for local rank 0
[2025-08-07 00:22:27,900][__main__][INFO] - === STARTING EXPERIMENT: 50_no_chunk ===
[2025-08-07 00:22:27,900][__main__][INFO] - PID: 4176940
[2025-08-07 00:22:27,900][__main__][INFO] - SLURM_JOB_ID: 28966820
[2025-08-07 00:22:27,900][__main__][INFO] - Architecture: resnet50
[2025-08-07 00:22:27,900][__main__][INFO] - Embedding Dim: 64
[2025-08-07 00:22:27,900][__main__][INFO] - Learning Rate: 0.0003
[2025-08-07 00:22:27,900][__main__][INFO] - Stage3 Stride: [1, 1, 1]
[2025-08-07 00:22:27,900][__main__][INFO] - Stage4 Stride: [1, 1, 1]
[2025-08-07 00:22:27,900][__main__][INFO] - Use LSTM: False
[2025-08-07 00:22:27,900][__main__][INFO] - Dataset: d=9, rounds_max=19, p=2.1
[2025-08-07 00:22:27,901][__main__][INFO] - Accelerator: auto
[2025-08-07 00:22:27,901][__main__][INFO] - Devices: auto
[2025-08-07 00:22:27,901][__main__][INFO] - Strategy: auto
[2025-08-07 00:22:27,901][__main__][INFO] - Num Nodes: 1
[2025-08-07 00:22:27,901][__main__][INFO] - Sync BatchNorm: True
[2025-08-07 00:22:27,901][__main__][INFO] - MWPM filtering: False
[2025-08-07 00:22:27,901][__main__][INFO] - Batch Size: auto-tuned
[2025-08-07 00:22:27,901][__main__][INFO] - Precision: bf16-mixed
[2025-08-07 00:22:27,901][__main__][INFO] - Max Steps: 50000
[2025-08-07 00:22:27,901][__main__][INFO] - Checkpoint every 15 minutes
[2025-08-07 00:22:27,901][__main__][INFO] - Log every 100 steps
[2025-08-07 00:22:27,901][__main__][INFO] - Num Workers: 15
[2025-08-07 00:22:27,901][__main__][INFO] - Prefetch Factor: 4
[2025-08-07 00:22:27,901][__main__][INFO] - Persistent Workers: True
[2025-08-07 00:22:27,901][__main__][INFO] - Experiment directory: /n/netscratch/yelin_lab/Everyone/andigu/scaling/50_no_chunk
[2025-08-07 00:22:27,904][__main__][INFO] - Found latest checkpoint: /n/netscratch/yelin_lab/Everyone/andigu/scaling/50_no_chunk/checkpoints/50_no_chunk-6581-0.1265.ckpt
[2025-08-07 00:22:27,909][__main__][INFO] - Loaded W&B run ID from file: toi2sl1m
[2025-08-07 00:22:27,909][__main__][INFO] - Setting up W&B logger with existing run ID: toi2sl1m
[2025-08-07 00:22:27,909][__main__][INFO] - Initializing wandb logger with params
[2025-08-07 00:22:27,982][__main__][INFO] - Loaded batch size 236 from file
[2025-08-07 00:22:28,056][__main__][INFO] - === STARTING TRAINING ===
[2025-08-07 00:22:28,056][__main__][INFO] - Resuming from checkpoint: /n/netscratch/yelin_lab/Everyone/andigu/scaling/50_no_chunk/checkpoints/50_no_chunk-6581-0.1265.ckpt
[2025-08-07 00:22:35,125][__main__][INFO] - Set seed 43 for local rank 1
[2025-08-07 00:22:35,570][__main__][ERROR] - === TRAINING FAILED: TemporalSurfaceCodeDataset.__init__() got an unexpected keyword argument 'use_chunking' ===
[2025-08-07 03:47:51,885][__main__][INFO] - Set seed 42 for local rank 0
[2025-08-07 03:47:51,886][__main__][INFO] - === STARTING EXPERIMENT: d19-lowp ===
[2025-08-07 03:47:51,886][__main__][INFO] - PID: 1030946
[2025-08-07 03:47:51,886][__main__][INFO] - SLURM_JOB_ID: 28979800
[2025-08-07 03:47:51,886][__main__][INFO] - Architecture: resnet50
[2025-08-07 03:47:51,886][__main__][INFO] - Embedding Dim: 64
[2025-08-07 03:47:51,886][__main__][INFO] - Learning Rate: 0.0003
[2025-08-07 03:47:51,887][__main__][INFO] - Stage3 Stride: [1, 1, 1]
[2025-08-07 03:47:51,887][__main__][INFO] - Stage4 Stride: [1, 1, 1]
[2025-08-07 03:47:51,887][__main__][INFO] - Use LSTM: False
[2025-08-07 03:47:51,887][__main__][INFO] - Chunking: [1, 1, 2]
[2025-08-07 03:47:51,887][__main__][INFO] - Dataset: d=19, rounds_max=19, p=1.0
[2025-08-07 03:47:51,887][__main__][INFO] - Accelerator: auto
[2025-08-07 03:47:51,887][__main__][INFO] - Devices: auto
[2025-08-07 03:47:51,887][__main__][INFO] - Strategy: auto
[2025-08-07 03:47:51,887][__main__][INFO] - Num Nodes: 1
[2025-08-07 03:47:51,887][__main__][INFO] - Sync BatchNorm: True
[2025-08-07 03:47:51,887][__main__][INFO] - MWPM filtering: False
[2025-08-07 03:47:51,887][__main__][INFO] - Batch Size: auto-tuned
[2025-08-07 03:47:51,888][__main__][INFO] - Precision: bf16-mixed
[2025-08-07 03:47:51,888][__main__][INFO] - Max Steps: 50000
[2025-08-07 03:47:51,888][__main__][INFO] - Checkpoint every 15 minutes
[2025-08-07 03:47:51,888][__main__][INFO] - Log every 100 steps
[2025-08-07 03:47:51,888][__main__][INFO] - Num Workers: 16
[2025-08-07 03:47:51,888][__main__][INFO] - Prefetch Factor: 4
[2025-08-07 03:47:51,888][__main__][INFO] - Persistent Workers: True
[2025-08-07 03:47:51,888][__main__][INFO] - Experiment directory: /n/netscratch/yelin_lab/Everyone/andigu/scaling/d19-lowp
[2025-08-07 03:47:51,891][__main__][INFO] - Loaded W&B run ID from file: iwidl681
[2025-08-07 03:47:51,892][__main__][INFO] - Setting up W&B logger with existing run ID: iwidl681
[2025-08-07 03:47:51,892][__main__][INFO] - Initializing wandb logger with params
[2025-08-07 03:47:52,005][__main__][INFO] - Loaded batch size 118 from file
[2025-08-07 03:47:52,085][__main__][INFO] - === STARTING TRAINING ===
[2025-08-07 03:47:56,884][__main__][INFO] - Set seed 43 for local rank 1
[2025-08-07 04:10:49,624][__main__][INFO] - Set seed 42 for local rank 0
[2025-08-07 04:10:49,625][__main__][INFO] - === STARTING EXPERIMENT: d19-lowp-strided ===
[2025-08-07 04:10:49,625][__main__][INFO] - PID: 1540391
[2025-08-07 04:10:49,625][__main__][INFO] - SLURM_JOB_ID: 28980014
[2025-08-07 04:10:49,625][__main__][INFO] - Architecture: resnet50
[2025-08-07 04:10:49,625][__main__][INFO] - Embedding Dim: 64
[2025-08-07 04:10:49,625][__main__][INFO] - Learning Rate: 0.0003
[2025-08-07 04:10:49,625][__main__][INFO] - Stage3 Stride: [2, 2, 2]
[2025-08-07 04:10:49,625][__main__][INFO] - Stage4 Stride: [1, 1, 1]
[2025-08-07 04:10:49,625][__main__][INFO] - Use LSTM: False
[2025-08-07 04:10:49,625][__main__][INFO] - Chunking: [1, 1, 1]
[2025-08-07 04:10:49,625][__main__][INFO] - Dataset: d=19, rounds_max=19, p=1.0
[2025-08-07 04:10:49,625][__main__][INFO] - Accelerator: auto
[2025-08-07 04:10:49,625][__main__][INFO] - Devices: auto
[2025-08-07 04:10:49,625][__main__][INFO] - Strategy: auto
[2025-08-07 04:10:49,625][__main__][INFO] - Num Nodes: 1
[2025-08-07 04:10:49,625][__main__][INFO] - Sync BatchNorm: True
[2025-08-07 04:10:49,625][__main__][INFO] - MWPM filtering: False
[2025-08-07 04:10:49,626][__main__][INFO] - Batch Size: auto-tuned
[2025-08-07 04:10:49,626][__main__][INFO] - Precision: bf16-mixed
[2025-08-07 04:10:49,626][__main__][INFO] - Max Steps: 50000
[2025-08-07 04:10:49,626][__main__][INFO] - Checkpoint every 15 minutes
[2025-08-07 04:10:49,626][__main__][INFO] - Log every 100 steps
[2025-08-07 04:10:49,626][__main__][INFO] - Num Workers: 16
[2025-08-07 04:10:49,626][__main__][INFO] - Prefetch Factor: 4
[2025-08-07 04:10:49,626][__main__][INFO] - Persistent Workers: True
[2025-08-07 04:10:49,626][__main__][INFO] - Experiment directory: /n/netscratch/yelin_lab/Everyone/andigu/scaling/d19-lowp-strided
[2025-08-07 04:10:49,631][__main__][INFO] - Loaded W&B run ID from file: jnta39ee
[2025-08-07 04:10:49,631][__main__][INFO] - Setting up W&B logger with existing run ID: jnta39ee
[2025-08-07 04:10:49,631][__main__][INFO] - Initializing wandb logger with params
[2025-08-07 04:10:49,711][__main__][INFO] - Loaded batch size 201 from file
[2025-08-07 04:10:49,785][__main__][INFO] - === STARTING TRAINING ===
[2025-08-07 04:10:55,078][__main__][INFO] - Set seed 43 for local rank 1
[2025-08-07 07:43:41,959][__main__][INFO] - === TRAINING COMPLETED SUCCESSFULLY ===
[2025-08-07 19:58:59,684][__main__][INFO] - === STARTING EXPERIMENT: d19-curriculum ===
[2025-08-07 19:58:59,684][__main__][INFO] - PID: 1417591
[2025-08-07 19:58:59,684][__main__][INFO] - SLURM_JOB_ID: 29019944
[2025-08-07 19:58:59,684][__main__][INFO] - Architecture: resnet50
[2025-08-07 19:58:59,684][__main__][INFO] - Embedding Dim: 128
[2025-08-07 19:58:59,684][__main__][INFO] - Learning Rate: 0.0001
[2025-08-07 19:58:59,684][__main__][INFO] - Gradient Clip Val: 1.0
[2025-08-07 19:58:59,684][__main__][INFO] - Gradient Clip Algorithm: norm
[2025-08-07 19:58:59,685][__main__][INFO] - Channel Multipliers: [2, 2.5, 3, 3.5]
[2025-08-07 19:58:59,685][__main__][INFO] - Stage3 Stride: [1, 1, 1]
[2025-08-07 19:58:59,685][__main__][INFO] - Stage4 Stride: [1, 1, 1]
[2025-08-07 19:58:59,685][__main__][INFO] - Use LSTM: False
[2025-08-07 19:58:59,685][__main__][INFO] - Chunking: [1, 1, 1]
[2025-08-07 19:58:59,685][__main__][INFO] - Dataset: d=19, rounds_max=19, p=2.1
[2025-08-07 19:58:59,685][__main__][INFO] - === 3-STAGE CURRICULUM LEARNING ENABLED ===
[2025-08-07 19:58:59,685][__main__][INFO] - Stage 1: p=0.5 for 200000 steps
[2025-08-07 19:58:59,685][__main__][INFO] - Stage 2: p=0.5→2.1 over 200000 steps
[2025-08-07 19:58:59,685][__main__][INFO] - Stage 3: p=2.1 for 100000 steps
[2025-08-07 19:58:59,685][__main__][INFO] - Total curriculum steps: 500000
[2025-08-07 19:58:59,686][__main__][INFO] - Accelerator: auto
[2025-08-07 19:58:59,686][__main__][INFO] - Devices: 4
[2025-08-07 19:58:59,686][__main__][INFO] - Strategy: auto
[2025-08-07 19:58:59,686][__main__][INFO] - Num Nodes: 1
[2025-08-07 19:58:59,686][__main__][INFO] - Sync BatchNorm: True
[2025-08-07 19:58:59,686][__main__][INFO] - MWPM filtering: False
[2025-08-07 19:58:59,686][__main__][INFO] - Batch Size: auto-tuned
[2025-08-07 19:58:59,686][__main__][INFO] - Precision: bf16-mixed
[2025-08-07 19:58:59,686][__main__][INFO] - Max Steps: 500000 (curriculum override)
[2025-08-07 19:58:59,686][__main__][INFO] - Checkpoint every 15 minutes
[2025-08-07 19:58:59,686][__main__][INFO] - Log every 100 steps
[2025-08-07 19:58:59,686][__main__][INFO] - Num Workers: 16
[2025-08-07 19:58:59,686][__main__][INFO] - Prefetch Factor: 4
[2025-08-07 19:58:59,687][__main__][INFO] - Persistent Workers: True
[2025-08-07 19:58:59,687][__main__][INFO] - Experiment directory: /n/netscratch/yelin_lab/Everyone/andigu/scaling/d19-curriculum
[2025-08-07 19:58:59,690][__main__][INFO] - Loaded W&B run ID from file: y1a634wa
[2025-08-07 19:58:59,690][__main__][INFO] - Setting up W&B logger with existing run ID: y1a634wa
[2025-08-07 19:58:59,690][__main__][INFO] - Initializing wandb logger with params
[2025-08-07 19:58:59,694][stage_manager][INFO] - Initialized 3-stage curriculum learning:
[2025-08-07 19:58:59,694][stage_manager][INFO] -   Stage 1: p=0.5 for 200000 steps
[2025-08-07 19:58:59,694][stage_manager][INFO] -   Stage 2: p=0.5→2.1 over 200000 steps
[2025-08-07 19:58:59,694][stage_manager][INFO] -   Stage 3: p=2.1 for 100000 steps
[2025-08-07 19:58:59,694][stage_manager][INFO] -   Total steps: 500000
[2025-08-07 19:58:59,763][__main__][INFO] - Loaded batch size 79 from file
[2025-08-07 19:59:00,352][__main__][INFO] - === STARTING TRAINING ===
[2025-08-08 05:28:25,361][__main__][INFO] - === STARTING EXPERIMENT: d15-curriculum ===
[2025-08-08 05:28:25,361][__main__][INFO] - PID: 73466
[2025-08-08 05:28:25,362][__main__][INFO] - SLURM_JOB_ID: 29021167
[2025-08-08 05:28:25,362][__main__][INFO] - NODE_RANK: 0
[2025-08-08 05:28:25,362][__main__][INFO] - WORLD_SIZE: 4
[2025-08-08 05:28:25,362][__main__][INFO] - MASTER_ADDR: 127.0.0.1
[2025-08-08 05:28:25,362][__main__][INFO] - MASTER_PORT: 60221
[2025-08-08 05:28:25,362][__main__][INFO] - SLURM_NODEID: 0
[2025-08-08 05:28:25,362][__main__][INFO] - SLURM_NNODES: 1
[2025-08-08 05:28:25,362][__main__][INFO] - SLURM_NODELIST: holygpu8a26505
[2025-08-08 05:28:25,362][__main__][INFO] - Architecture: resnet50
[2025-08-08 05:28:25,362][__main__][INFO] - Embedding Dim: 128
[2025-08-08 05:28:25,362][__main__][INFO] - Learning Rate: 0.0002
[2025-08-08 05:28:25,362][__main__][INFO] - Gradient Clip Val: 1.0
[2025-08-08 05:28:25,363][__main__][INFO] - Gradient Clip Algorithm: norm
[2025-08-08 05:28:25,363][__main__][INFO] - Accumulate Grad Batches: 1
[2025-08-08 05:28:25,363][__main__][INFO] - Channel Multipliers: [2, 2.5, 3, 3.5]
[2025-08-08 05:28:25,363][__main__][INFO] - Stage3 Stride: [1, 1, 1]
[2025-08-08 05:28:25,363][__main__][INFO] - Stage4 Stride: [1, 1, 1]
[2025-08-08 05:28:25,363][__main__][INFO] - Use LSTM: False
[2025-08-08 05:28:25,363][__main__][INFO] - Chunking: [1, 1, 1]
[2025-08-08 05:28:25,363][__main__][INFO] - Dataset: d=15, rounds_max=15, p=2.1
[2025-08-08 05:28:25,363][__main__][INFO] - === 3-STAGE CURRICULUM LEARNING ENABLED ===
[2025-08-08 05:28:25,363][__main__][INFO] - Stage 1: p=0.5 for 200000 steps
[2025-08-08 05:28:25,364][__main__][INFO] - Stage 2: p=0.5→2.1 over 200000 steps
[2025-08-08 05:28:25,364][__main__][INFO] - Stage 3: p=2.1 for 100000 steps
[2025-08-08 05:28:25,364][__main__][INFO] - Total curriculum steps: 500000
[2025-08-08 05:28:25,364][__main__][INFO] - Accelerator: auto
[2025-08-08 05:28:25,364][__main__][INFO] - Devices per node: 4
[2025-08-08 05:28:25,364][__main__][INFO] - Num Nodes: 1
[2025-08-08 05:28:25,364][__main__][INFO] - Total Devices: 4
[2025-08-08 05:28:25,364][__main__][INFO] - Strategy: auto
[2025-08-08 05:28:25,364][__main__][INFO] - Sync BatchNorm: True
[2025-08-08 05:28:25,364][__main__][INFO] - MWPM filtering: False
[2025-08-08 05:28:25,365][__main__][INFO] - Batch Size: auto-tuned
[2025-08-08 05:28:25,365][__main__][INFO] - Precision: bf16-mixed
[2025-08-08 05:28:25,365][__main__][INFO] - Max Steps: 500000 (curriculum override)
[2025-08-08 05:28:25,365][__main__][INFO] - Checkpoint every 15 minutes
[2025-08-08 05:28:25,365][__main__][INFO] - Log every 100 steps
[2025-08-08 05:28:25,365][__main__][INFO] - Num Workers: 16
[2025-08-08 05:28:25,365][__main__][INFO] - Prefetch Factor: 4
[2025-08-08 05:28:25,365][__main__][INFO] - Persistent Workers: True
[2025-08-08 05:28:25,365][__main__][INFO] - Experiment directory: /n/netscratch/yelin_lab/Everyone/andigu/scaling/d15-curriculum
[2025-08-08 05:28:25,372][__main__][INFO] - Loaded W&B run ID from file: sdytng2e
[2025-08-08 05:28:25,373][__main__][INFO] - Setting up W&B logger with existing run ID: sdytng2e
[2025-08-08 05:28:25,373][__main__][INFO] - Initializing wandb logger with params
[2025-08-08 05:28:25,377][stage_manager][INFO] - Initialized 3-stage curriculum learning:
[2025-08-08 05:28:25,378][stage_manager][INFO] -   Stage 1: p=0.5 for 200000 steps
[2025-08-08 05:28:25,378][stage_manager][INFO] -   Stage 2: p=0.5→2.1 over 200000 steps
[2025-08-08 05:28:25,378][stage_manager][INFO] -   Stage 3: p=2.1 for 100000 steps
[2025-08-08 05:28:25,378][stage_manager][INFO] -   Total steps: 500000
[2025-08-08 05:28:25,451][__main__][INFO] - Loaded batch size 158 from file
[2025-08-08 05:28:25,451][__main__][INFO] - Effective total batch size across 4 device(s) on 1 node(s) with 1 accumulation steps: 632
[2025-08-08 05:28:25,456][__main__][INFO] - Saved metadata: {'timestamp': 1754645305.4520779, 'slurm_job_id': '29021167', 'batch_size': 158, 'num_devices': 4, 'effective_batch_size': 632}
[2025-08-08 05:28:26,117][__main__][INFO] - === STARTING TRAINING ===
[2025-08-08 05:28:31,730][data_module][INFO] - Created surface code dataset: d=15, rounds_max=15, p=2.1, batch_size=158
[2025-08-08 05:28:31,730][data_module][INFO] - Dataset configured for curriculum learning
[2025-08-08 05:29:28,114][__main__][INFO] - === STARTING EXPERIMENT: d11-curriculum ===
[2025-08-08 05:29:28,114][__main__][INFO] - PID: 1792865
[2025-08-08 05:29:28,114][__main__][INFO] - SLURM_JOB_ID: 29021176
[2025-08-08 05:29:28,114][__main__][INFO] - NODE_RANK: 0
[2025-08-08 05:29:28,114][__main__][INFO] - WORLD_SIZE: 4
[2025-08-08 05:29:28,114][__main__][INFO] - MASTER_ADDR: 127.0.0.1
[2025-08-08 05:29:28,114][__main__][INFO] - MASTER_PORT: 34659
[2025-08-08 05:29:28,114][__main__][INFO] - SLURM_NODEID: 0
[2025-08-08 05:29:28,114][__main__][INFO] - SLURM_NNODES: 1
[2025-08-08 05:29:28,114][__main__][INFO] - SLURM_NODELIST: holygpu8a16101
[2025-08-08 05:29:28,114][__main__][INFO] - Architecture: resnet50
[2025-08-08 05:29:28,114][__main__][INFO] - Embedding Dim: 128
[2025-08-08 05:29:28,114][__main__][INFO] - Learning Rate: 0.0004
[2025-08-08 05:29:28,114][__main__][INFO] - Gradient Clip Val: 1.0
[2025-08-08 05:29:28,115][__main__][INFO] - Gradient Clip Algorithm: norm
[2025-08-08 05:29:28,115][__main__][INFO] - Accumulate Grad Batches: 1
[2025-08-08 05:29:28,115][__main__][INFO] - Channel Multipliers: [2, 2.5, 3, 3.5]
[2025-08-08 05:29:28,115][__main__][INFO] - Stage3 Stride: [1, 1, 1]
[2025-08-08 05:29:28,115][__main__][INFO] - Stage4 Stride: [1, 1, 1]
[2025-08-08 05:29:28,115][__main__][INFO] - Use LSTM: False
[2025-08-08 05:29:28,115][__main__][INFO] - Chunking: [1, 1, 1]
[2025-08-08 05:29:28,115][__main__][INFO] - Dataset: d=11, rounds_max=11, p=2.1
[2025-08-08 05:29:28,115][__main__][INFO] - === 3-STAGE CURRICULUM LEARNING ENABLED ===
[2025-08-08 05:29:28,115][__main__][INFO] - Stage 1: p=0.5 for 200000 steps
[2025-08-08 05:29:28,115][__main__][INFO] - Stage 2: p=0.5→2.1 over 200000 steps
[2025-08-08 05:29:28,115][__main__][INFO] - Stage 3: p=2.1 for 100000 steps
[2025-08-08 05:29:28,115][__main__][INFO] - Total curriculum steps: 500000
[2025-08-08 05:29:28,115][__main__][INFO] - Accelerator: auto
[2025-08-08 05:29:28,115][__main__][INFO] - Devices per node: 4
[2025-08-08 05:29:28,115][__main__][INFO] - Num Nodes: 1
[2025-08-08 05:29:28,115][__main__][INFO] - Total Devices: 4
[2025-08-08 05:29:28,115][__main__][INFO] - Strategy: auto
[2025-08-08 05:29:28,116][__main__][INFO] - Sync BatchNorm: True
[2025-08-08 05:29:28,116][__main__][INFO] - MWPM filtering: False
[2025-08-08 05:29:28,116][__main__][INFO] - Batch Size: auto-tuned
[2025-08-08 05:29:28,116][__main__][INFO] - Precision: bf16-mixed
[2025-08-08 05:29:28,116][__main__][INFO] - Max Steps: 500000 (curriculum override)
[2025-08-08 05:29:28,116][__main__][INFO] - Checkpoint every 15 minutes
[2025-08-08 05:29:28,116][__main__][INFO] - Log every 100 steps
[2025-08-08 05:29:28,116][__main__][INFO] - Num Workers: 16
[2025-08-08 05:29:28,116][__main__][INFO] - Prefetch Factor: 4
[2025-08-08 05:29:28,116][__main__][INFO] - Persistent Workers: True
[2025-08-08 05:29:28,116][__main__][INFO] - Experiment directory: /n/netscratch/yelin_lab/Everyone/andigu/scaling/d11-curriculum
[2025-08-08 05:29:28,124][__main__][INFO] - Loaded W&B run ID from file: cqo4ypiz
[2025-08-08 05:29:28,125][__main__][INFO] - Setting up W&B logger with existing run ID: cqo4ypiz
[2025-08-08 05:29:28,125][__main__][INFO] - Initializing wandb logger with params
[2025-08-08 05:29:28,128][stage_manager][INFO] - Initialized 3-stage curriculum learning:
[2025-08-08 05:29:28,128][stage_manager][INFO] -   Stage 1: p=0.5 for 200000 steps
[2025-08-08 05:29:28,128][stage_manager][INFO] -   Stage 2: p=0.5→2.1 over 200000 steps
[2025-08-08 05:29:28,128][stage_manager][INFO] -   Stage 3: p=2.1 for 100000 steps
[2025-08-08 05:29:28,128][stage_manager][INFO] -   Total steps: 500000
[2025-08-08 05:29:28,176][__main__][INFO] - Loaded batch size 385 from file
[2025-08-08 05:29:28,176][__main__][INFO] - Effective total batch size across 4 device(s) on 1 node(s) with 1 accumulation steps: 1540
[2025-08-08 05:29:28,180][__main__][INFO] - Saved metadata: {'timestamp': 1754645368.1764104, 'slurm_job_id': '29021176', 'batch_size': 385, 'num_devices': 4, 'effective_batch_size': 1540}
[2025-08-08 05:29:28,811][__main__][INFO] - === STARTING TRAINING ===
[2025-08-08 05:29:34,578][data_module][INFO] - Created surface code dataset: d=11, rounds_max=11, p=2.1, batch_size=385
[2025-08-08 05:29:34,578][data_module][INFO] - Dataset configured for curriculum learning
[2025-08-08 09:48:05,720][__main__][INFO] - === STARTING EXPERIMENT: d11-curriculum ===
[2025-08-08 09:48:05,720][__main__][INFO] - PID: 3808182
[2025-08-08 09:48:05,720][__main__][INFO] - SLURM_JOB_ID: 29021176
[2025-08-08 09:48:05,720][__main__][INFO] - NODE_RANK: 0
[2025-08-08 09:48:05,720][__main__][INFO] - WORLD_SIZE: 4
[2025-08-08 09:48:05,720][__main__][INFO] - MASTER_ADDR: 127.0.0.1
[2025-08-08 09:48:05,720][__main__][INFO] - MASTER_PORT: 55155
[2025-08-08 09:48:05,720][__main__][INFO] - SLURM_NODEID: 0
[2025-08-08 09:48:05,720][__main__][INFO] - SLURM_NNODES: 1
[2025-08-08 09:48:05,720][__main__][INFO] - SLURM_NODELIST: holygpu8a18303
[2025-08-08 09:48:05,720][__main__][INFO] - Architecture: resnet50
[2025-08-08 09:48:05,720][__main__][INFO] - Embedding Dim: 128
[2025-08-08 09:48:05,721][__main__][INFO] - Learning Rate: 0.0004
[2025-08-08 09:48:05,721][__main__][INFO] - Gradient Clip Val: 1.0
[2025-08-08 09:48:05,721][__main__][INFO] - Gradient Clip Algorithm: norm
[2025-08-08 09:48:05,721][__main__][INFO] - Accumulate Grad Batches: 1
[2025-08-08 09:48:05,721][__main__][INFO] - Channel Multipliers: [2, 2.5, 3, 3.5]
[2025-08-08 09:48:05,721][__main__][INFO] - Stage3 Stride: [1, 1, 1]
[2025-08-08 09:48:05,721][__main__][INFO] - Stage4 Stride: [1, 1, 1]
[2025-08-08 09:48:05,721][__main__][INFO] - Use LSTM: False
[2025-08-08 09:48:05,721][__main__][INFO] - Chunking: [1, 1, 1]
[2025-08-08 09:48:05,721][__main__][INFO] - Dataset: d=11, rounds_max=11, p=2.1
[2025-08-08 09:48:05,721][__main__][INFO] - === 3-STAGE CURRICULUM LEARNING ENABLED ===
[2025-08-08 09:48:05,721][__main__][INFO] - Stage 1: p=0.5 for 200000 steps
[2025-08-08 09:48:05,721][__main__][INFO] - Stage 2: p=0.5→2.1 over 200000 steps
[2025-08-08 09:48:05,721][__main__][INFO] - Stage 3: p=2.1 for 100000 steps
[2025-08-08 09:48:05,721][__main__][INFO] - Total curriculum steps: 500000
[2025-08-08 09:48:05,721][__main__][INFO] - Accelerator: auto
[2025-08-08 09:48:05,721][__main__][INFO] - Devices per node: 4
[2025-08-08 09:48:05,721][__main__][INFO] - Num Nodes: 1
[2025-08-08 09:48:05,721][__main__][INFO] - Total Devices: 4
[2025-08-08 09:48:05,722][__main__][INFO] - Strategy: auto
[2025-08-08 09:48:05,722][__main__][INFO] - Sync BatchNorm: True
[2025-08-08 09:48:05,722][__main__][INFO] - MWPM filtering: False
[2025-08-08 09:48:05,722][__main__][INFO] - Batch Size: auto-tuned
[2025-08-08 09:48:05,722][__main__][INFO] - Precision: bf16-mixed
[2025-08-08 09:48:05,722][__main__][INFO] - Max Steps: 500000 (curriculum override)
[2025-08-08 09:48:05,722][__main__][INFO] - Checkpoint every 15 minutes
[2025-08-08 09:48:05,722][__main__][INFO] - Log every 100 steps
[2025-08-08 09:48:05,722][__main__][INFO] - Num Workers: 16
[2025-08-08 09:48:05,722][__main__][INFO] - Prefetch Factor: 4
[2025-08-08 09:48:05,722][__main__][INFO] - Persistent Workers: True
[2025-08-08 09:48:05,722][__main__][INFO] - Experiment directory: /n/netscratch/yelin_lab/Everyone/andigu/scaling/d11-curriculum
[2025-08-08 09:48:05,725][__main__][INFO] - Loaded W&B run ID from file: cqo4ypiz
[2025-08-08 09:48:05,725][__main__][INFO] - Setting up W&B logger with existing run ID: cqo4ypiz
[2025-08-08 09:48:05,725][__main__][INFO] - Initializing wandb logger with params
[2025-08-08 09:48:05,728][stage_manager][INFO] - Initialized 3-stage curriculum learning:
[2025-08-08 09:48:05,728][stage_manager][INFO] -   Stage 1: p=0.5 for 200000 steps
[2025-08-08 09:48:05,728][stage_manager][INFO] -   Stage 2: p=0.5→2.1 over 200000 steps
[2025-08-08 09:48:05,728][stage_manager][INFO] -   Stage 3: p=2.1 for 100000 steps
[2025-08-08 09:48:05,728][stage_manager][INFO] -   Total steps: 500000
[2025-08-08 09:48:05,773][__main__][INFO] - Loaded batch size 385 from file
[2025-08-08 09:48:05,773][__main__][INFO] - Effective total batch size across 4 device(s) on 1 node(s) with 1 accumulation steps: 1540
[2025-08-08 09:48:05,786][__main__][INFO] - Saved metadata: {'timestamp': 1754660885.7738485, 'slurm_job_id': '29021176', 'batch_size': 385, 'num_devices': 4, 'effective_batch_size': 1540}
[2025-08-08 09:48:06,427][__main__][INFO] - === STARTING TRAINING ===
[2025-08-08 09:48:12,472][data_module][INFO] - Created surface code dataset: d=11, rounds_max=11, p=2.1, batch_size=385
[2025-08-08 09:48:12,472][data_module][INFO] - Dataset configured for curriculum learning
[2025-08-08 14:28:35,309][__main__][ERROR] - === TRAINING FAILED: DataLoader worker (pid 73565) is killed by signal: Terminated.  ===
[2025-08-08 14:28:56,704][__main__][ERROR] - === TRAINING FAILED: DataLoader worker (pid 3808291) is killed by signal: Terminated.  ===
[2025-08-08 14:31:38,564][__main__][INFO] - === STARTING EXPERIMENT: d11-curriculum ===
[2025-08-08 14:31:38,564][__main__][INFO] - PID: 3857359
[2025-08-08 14:31:38,564][__main__][INFO] - SLURM_JOB_ID: 29148263
[2025-08-08 14:31:38,564][__main__][INFO] - NODE_RANK: 0
[2025-08-08 14:31:38,564][__main__][INFO] - WORLD_SIZE: 4
[2025-08-08 14:31:38,565][__main__][INFO] - MASTER_ADDR: 127.0.0.1
[2025-08-08 14:31:38,565][__main__][INFO] - MASTER_PORT: 42099
[2025-08-08 14:31:38,565][__main__][INFO] - SLURM_NODEID: 0
[2025-08-08 14:31:38,565][__main__][INFO] - SLURM_NNODES: 1
[2025-08-08 14:31:38,565][__main__][INFO] - SLURM_NODELIST: holygpu8a18303
[2025-08-08 14:31:38,565][__main__][INFO] - Architecture: resnet50
[2025-08-08 14:31:38,565][__main__][INFO] - Embedding Dim: 128
[2025-08-08 14:31:38,565][__main__][INFO] - Learning Rate: 0.0004
[2025-08-08 14:31:38,565][__main__][INFO] - Gradient Clip Val: 1.0
[2025-08-08 14:31:38,565][__main__][INFO] - Gradient Clip Algorithm: norm
[2025-08-08 14:31:38,565][__main__][INFO] - Accumulate Grad Batches: 1
[2025-08-08 14:31:38,565][__main__][INFO] - Channel Multipliers: [2, 2.5, 3, 3.5]
[2025-08-08 14:31:38,565][__main__][INFO] - Stage3 Stride: [1, 1, 1]
[2025-08-08 14:31:38,565][__main__][INFO] - Stage4 Stride: [1, 1, 1]
[2025-08-08 14:31:38,565][__main__][INFO] - Use LSTM: False
[2025-08-08 14:31:38,565][__main__][INFO] - Chunking: [1, 1, 1]
[2025-08-08 14:31:38,565][__main__][INFO] - Dataset: d=11, rounds_max=11, p=2.1
[2025-08-08 14:31:38,565][__main__][INFO] - === 3-STAGE CURRICULUM LEARNING ENABLED ===
[2025-08-08 14:31:38,565][__main__][INFO] - Stage 1: p=0.5 for 55000 steps
[2025-08-08 14:31:38,566][__main__][INFO] - Stage 2: p=0.5→2.1 over 100000 steps
[2025-08-08 14:31:38,566][__main__][INFO] - Stage 3: p=2.1 for 50000 steps
[2025-08-08 14:31:38,566][__main__][INFO] - Total curriculum steps: 205000
[2025-08-08 14:31:38,566][__main__][INFO] - Accelerator: auto
[2025-08-08 14:31:38,566][__main__][INFO] - Devices per node: 4
[2025-08-08 14:31:38,566][__main__][INFO] - Num Nodes: 1
[2025-08-08 14:31:38,566][__main__][INFO] - Total Devices: 4
[2025-08-08 14:31:38,566][__main__][INFO] - Strategy: auto
[2025-08-08 14:31:38,566][__main__][INFO] - Sync BatchNorm: True
[2025-08-08 14:31:38,566][__main__][INFO] - MWPM filtering: False
[2025-08-08 14:31:38,566][__main__][INFO] - Batch Size: auto-tuned
[2025-08-08 14:31:38,566][__main__][INFO] - Precision: bf16-mixed
[2025-08-08 14:31:38,566][__main__][INFO] - Max Steps: 205000 (curriculum override)
[2025-08-08 14:31:38,566][__main__][INFO] - Checkpoint every 15 minutes
[2025-08-08 14:31:38,566][__main__][INFO] - Log every 100 steps
[2025-08-08 14:31:38,566][__main__][INFO] - Num Workers: 16
[2025-08-08 14:31:38,566][__main__][INFO] - Prefetch Factor: 4
[2025-08-08 14:31:38,566][__main__][INFO] - Persistent Workers: True
[2025-08-08 14:31:38,566][__main__][INFO] - Experiment directory: /n/netscratch/yelin_lab/Everyone/andigu/scaling/d11-curriculum
[2025-08-08 14:31:38,573][__main__][INFO] - Loaded W&B run ID from file: cqo4ypiz
[2025-08-08 14:31:38,573][__main__][INFO] - Setting up W&B logger with existing run ID: cqo4ypiz
[2025-08-08 14:31:38,573][__main__][INFO] - Initializing wandb logger with params
[2025-08-08 14:31:38,576][stage_manager][INFO] - Initialized 3-stage curriculum learning:
[2025-08-08 14:31:38,576][stage_manager][INFO] -   Stage 1: p=0.5 for 55000 steps
[2025-08-08 14:31:38,576][stage_manager][INFO] -   Stage 2: p=0.5→2.1 over 100000 steps
[2025-08-08 14:31:38,577][stage_manager][INFO] -   Stage 3: p=2.1 for 50000 steps
[2025-08-08 14:31:38,577][stage_manager][INFO] -   Total steps: 205000
[2025-08-08 14:31:38,627][__main__][INFO] - Loaded batch size 385 from file
[2025-08-08 14:31:38,627][__main__][INFO] - Effective total batch size across 4 device(s) on 1 node(s) with 1 accumulation steps: 1540
[2025-08-08 14:31:38,632][__main__][INFO] - Saved metadata: {'timestamp': 1754677898.6280615, 'slurm_job_id': '29148263', 'batch_size': 385, 'num_devices': 4, 'effective_batch_size': 1540}
[2025-08-08 14:31:39,278][__main__][INFO] - === STARTING TRAINING ===
[2025-08-08 14:31:44,188][data_module][INFO] - Created surface code dataset: d=11, rounds_max=11, p=2.1, batch_size=385
[2025-08-08 14:31:44,188][data_module][INFO] - Dataset configured for curriculum learning

[2025-08-08 15:09:00,979][__main__][INFO] - === STARTING EXPERIMENT: d15-curriculum ===
[2025-08-08 15:09:00,979][__main__][INFO] - PID: 3866253
[2025-08-08 15:09:00,979][__main__][INFO] - SLURM_JOB_ID: 29151089
[2025-08-08 15:09:00,980][__main__][INFO] - NODE_RANK: 0
[2025-08-08 15:09:00,980][__main__][INFO] - WORLD_SIZE: 4
[2025-08-08 15:09:00,980][__main__][INFO] - MASTER_ADDR: 127.0.0.1
[2025-08-08 15:09:00,980][__main__][INFO] - MASTER_PORT: 34203
[2025-08-08 15:09:00,980][__main__][INFO] - SLURM_NODEID: 0
[2025-08-08 15:09:00,980][__main__][INFO] - SLURM_NNODES: 1
[2025-08-08 15:09:00,980][__main__][INFO] - SLURM_NODELIST: holygpu8a18303
[2025-08-08 15:09:00,980][__main__][INFO] - Architecture: resnet50
[2025-08-08 15:09:00,980][__main__][INFO] - Embedding Dim: 128
[2025-08-08 15:09:00,980][__main__][INFO] - Learning Rate: 0.0002
[2025-08-08 15:09:00,980][__main__][INFO] - Gradient Clip Val: 1.0
[2025-08-08 15:09:00,980][__main__][INFO] - Gradient Clip Algorithm: norm
[2025-08-08 15:09:00,980][__main__][INFO] - Accumulate Grad Batches: 1
[2025-08-08 15:09:00,980][__main__][INFO] - Channel Multipliers: [2, 2.5, 3, 3.5]
[2025-08-08 15:09:00,980][__main__][INFO] - Stage3 Stride: [1, 1, 1]
[2025-08-08 15:09:00,980][__main__][INFO] - Stage4 Stride: [1, 1, 1]
[2025-08-08 15:09:00,980][__main__][INFO] - Use LSTM: False
[2025-08-08 15:09:00,980][__main__][INFO] - Chunking: [1, 1, 1]
[2025-08-08 15:09:00,980][__main__][INFO] - Dataset: d=15, rounds_max=15, p=2.1
[2025-08-08 15:09:00,980][__main__][INFO] - === 3-STAGE CURRICULUM LEARNING ENABLED ===
[2025-08-08 15:09:00,980][__main__][INFO] - Stage 1: p=0.5 for 50000 steps
[2025-08-08 15:09:00,981][__main__][INFO] - Stage 2: p=0.5→2.1 over 50000 steps
[2025-08-08 15:09:00,981][__main__][INFO] - Stage 3: p=2.1 for 20000 steps
[2025-08-08 15:09:00,981][__main__][INFO] - Total curriculum steps: 120000
[2025-08-08 15:09:00,981][__main__][INFO] - Accelerator: auto
[2025-08-08 15:09:00,981][__main__][INFO] - Devices per node: 4
[2025-08-08 15:09:00,981][__main__][INFO] - Num Nodes: 1
[2025-08-08 15:09:00,981][__main__][INFO] - Total Devices: 4
[2025-08-08 15:09:00,981][__main__][INFO] - Strategy: auto
[2025-08-08 15:09:00,981][__main__][INFO] - Sync BatchNorm: True
[2025-08-08 15:09:00,981][__main__][INFO] - MWPM filtering: False
[2025-08-08 15:09:00,981][__main__][INFO] - Batch Size: auto-tuned
[2025-08-08 15:09:00,981][__main__][INFO] - Precision: bf16-mixed
[2025-08-08 15:09:00,981][__main__][INFO] - Max Steps: 120000 (curriculum override)
[2025-08-08 15:09:00,981][__main__][INFO] - Checkpoint every 15 minutes
[2025-08-08 15:09:00,981][__main__][INFO] - Log every 100 steps
[2025-08-08 15:09:00,981][__main__][INFO] - Num Workers: 16
[2025-08-08 15:09:00,981][__main__][INFO] - Prefetch Factor: 4
[2025-08-08 15:09:00,981][__main__][INFO] - Persistent Workers: True
[2025-08-08 15:09:00,981][__main__][INFO] - Experiment directory: /n/netscratch/yelin_lab/Everyone/andigu/scaling/d15-curriculum
[2025-08-08 15:09:00,986][__main__][INFO] - Loaded W&B run ID from file: fagsjfnl
[2025-08-08 15:09:00,987][__main__][INFO] - Setting up W&B logger with existing run ID: fagsjfnl
[2025-08-08 15:09:00,987][__main__][INFO] - Initializing wandb logger with params
[2025-08-08 15:09:00,990][stage_manager][INFO] - Initialized 3-stage curriculum learning:
[2025-08-08 15:09:00,990][stage_manager][INFO] -   Stage 1: p=0.5 for 50000 steps
[2025-08-08 15:09:00,990][stage_manager][INFO] -   Stage 2: p=0.5→2.1 over 50000 steps
[2025-08-08 15:09:00,990][stage_manager][INFO] -   Stage 3: p=2.1 for 20000 steps
[2025-08-08 15:09:20,733][stage_manager][INFO] -   Total steps: 110000
[2025-08-08 15:09:20,785][__main__][INFO] - Loaded batch size 385 from file
[2025-08-08 15:09:20,785][__main__][INFO] - Effective total batch size across 4 device(s) on 1 node(s) with 1 accumulation steps: 1540
[2025-08-08 15:09:20,793][__main__][INFO] - Saved metadata: {'timestamp': 1754680160.7852237, 'slurm_job_id': '29151087', 'batch_size': 385, 'num_devices': 4, 'effective_batch_size': 1540}
[2025-08-08 15:09:21,368][__main__][INFO] - === STARTING TRAINING ===
[2025-08-08 15:09:25,843][data_module][INFO] - Created surface code dataset: d=11, rounds_max=11, p=2.1, batch_size=385
[2025-08-08 15:09:25,843][data_module][INFO] - Dataset configured for curriculum learning
[2025-08-08 18:44:09,862][stage_manager][INFO] - === STAGE TRANSITION: Stage 1 → Stage 2 ===
[2025-08-08 18:44:09,865][stage_manager][INFO] - Global step: 40000
[2025-08-08 18:44:09,866][stage_manager][INFO] - Current p: 0.500
[2025-08-08 18:44:09,866][stage_manager][INFO] - Starting curriculum learning: p=0.5→2.1
                                                                                                                                                                                                                                                                                                                                [2025-08-08 23:11:49,361][stage_manager][INFO] - === STAGE TRANSITION: Stage 2 → Stage 3 ===
[2025-08-08 23:11:49,365][stage_manager][INFO] - Global step: 90000
[2025-08-08 23:11:49,365][stage_manager][INFO] - Current p: 2.100
[2025-08-08 23:11:49,365][stage_manager][INFO] - Starting final stage at p=2.1
                                                                                                                                                                                                                                                                                                                     [2025-08-09 00:59:14,982][__main__][INFO] - === TRAINING COMPLETED SUCCESSFULLY ===
[2025-08-09 01:12:05,903][__main__][INFO] - === STARTING EXPERIMENT: d15-curriculum ===
[2025-08-09 01:12:05,903][__main__][INFO] - PID: 4111162
[2025-08-09 01:12:05,903][__main__][INFO] - SLURM_JOB_ID: 29219359
[2025-08-09 01:12:05,903][__main__][INFO] - NODE_RANK: 0
[2025-08-09 01:12:05,903][__main__][INFO] - WORLD_SIZE: 4
[2025-08-09 01:12:05,903][__main__][INFO] - MASTER_ADDR: 127.0.0.1
[2025-08-09 01:12:05,903][__main__][INFO] - MASTER_PORT: 59569
[2025-08-09 01:12:05,903][__main__][INFO] - SLURM_NODEID: 0
[2025-08-09 01:12:05,903][__main__][INFO] - SLURM_NNODES: 1
[2025-08-09 01:12:05,904][__main__][INFO] - SLURM_NODELIST: holygpu8a18301
[2025-08-09 01:12:05,904][__main__][INFO] - Architecture: resnet50
[2025-08-09 01:12:05,904][__main__][INFO] - Embedding Dim: 128
[2025-08-09 01:12:05,904][__main__][INFO] - Learning Rate: 0.0002
[2025-08-09 01:12:05,904][__main__][INFO] - Gradient Clip Val: 1.0
[2025-08-09 01:12:05,904][__main__][INFO] - Gradient Clip Algorithm: norm
[2025-08-09 01:12:05,904][__main__][INFO] - Accumulate Grad Batches: 1
[2025-08-09 01:12:05,904][__main__][INFO] - Channel Multipliers: [2, 2.5, 3, 3.5]
[2025-08-09 01:12:05,904][__main__][INFO] - Stage3 Stride: [1, 1, 1]
[2025-08-09 01:12:05,904][__main__][INFO] - Stage4 Stride: [1, 1, 1]
[2025-08-09 01:12:05,904][__main__][INFO] - Use LSTM: False
[2025-08-09 01:12:05,904][__main__][INFO] - Chunking: [1, 1, 1]
[2025-08-09 01:12:05,904][__main__][INFO] - Dataset: d=15, rounds_max=15, p=2.1
[2025-08-09 01:12:05,904][__main__][INFO] - === 3-STAGE CURRICULUM LEARNING ENABLED ===
[2025-08-09 01:12:05,904][__main__][INFO] - Stage 1: p=0.5 for 50000 steps
[2025-08-09 01:12:05,904][__main__][INFO] - Stage 2: p=0.5→2.1 over 50000 steps
[2025-08-09 01:12:05,904][__main__][INFO] - Stage 3: p=2.1 for 100000 steps
[2025-08-09 01:12:05,904][__main__][INFO] - Total curriculum steps: 200000
[2025-08-09 01:12:05,905][__main__][INFO] - Accelerator: auto
[2025-08-09 01:12:05,905][__main__][INFO] - Devices per node: 4
[2025-08-09 01:12:05,905][__main__][INFO] - Num Nodes: 1
[2025-08-09 01:12:05,905][__main__][INFO] - Total Devices: 4
[2025-08-09 01:12:05,905][__main__][INFO] - Strategy: auto
[2025-08-09 01:12:05,905][__main__][INFO] - Sync BatchNorm: True
[2025-08-09 01:12:05,905][__main__][INFO] - MWPM filtering: False
[2025-08-09 01:12:05,905][__main__][INFO] - Batch Size: auto-tuned
[2025-08-09 01:12:05,905][__main__][INFO] - Precision: bf16-mixed
[2025-08-09 01:12:05,905][__main__][INFO] - Max Steps: 200000 (curriculum override)
[2025-08-09 01:12:05,905][__main__][INFO] - Checkpoint every 15 minutes
[2025-08-09 01:12:05,905][__main__][INFO] - Log every 100 steps
[2025-08-09 01:12:05,905][__main__][INFO] - Num Workers: 16
[2025-08-09 01:12:05,905][__main__][INFO] - Prefetch Factor: 4
[2025-08-09 01:12:05,905][__main__][INFO] - Persistent Workers: True
[2025-08-09 01:12:05,905][__main__][INFO] - Experiment directory: /n/netscratch/yelin_lab/Everyone/andigu/scaling/d15-curriculum
[2025-08-09 01:12:05,909][__main__][INFO] - Found latest checkpoint: /n/netscratch/yelin_lab/Everyone/andigu/scaling/d15-curriculum/checkpoints/d15-curriculum-step=117496.ckpt
[2025-08-09 01:12:05,909][__main__][INFO] - Loaded W&B run ID from file: fagsjfnl
[2025-08-09 01:12:05,910][__main__][INFO] - Setting up W&B logger with existing run ID: fagsjfnl
[2025-08-09 01:12:05,910][__main__][INFO] - Initializing wandb logger with params
[2025-08-09 01:12:05,913][stage_manager][INFO] - Initialized 3-stage curriculum learning:
[2025-08-09 01:12:05,913][stage_manager][INFO] -   Stage 1: p=0.5 for 50000 steps
[2025-08-09 01:12:05,913][stage_manager][INFO] -   Stage 2: p=0.5→2.1 over 50000 steps
[2025-08-09 01:12:05,913][stage_manager][INFO] -   Stage 3: p=2.1 for 100000 steps
[2025-08-09 01:12:05,913][stage_manager][INFO] -   Total steps: 200000
[2025-08-09 01:12:05,958][__main__][INFO] - Loaded batch size 158 from file
[2025-08-09 01:12:05,958][__main__][INFO] - Effective total batch size across 4 device(s) on 1 node(s) with 1 accumulation steps: 632
[2025-08-09 01:12:05,964][__main__][INFO] - Saved metadata: {'timestamp': 1754716325.9585135, 'slurm_job_id': '29219359', 'batch_size': 158, 'num_devices': 4, 'effective_batch_size': 632}
[2025-08-09 01:12:06,048][data_module][INFO] - Set DataModule global_step_offset to 117496 (will apply when dataset is created)
[2025-08-09 01:12:06,048][__main__][INFO] - Updated DataModule global_step_offset to 117496 for resume
[2025-08-09 01:12:06,699][__main__][INFO] - === STARTING TRAINING ===
[2025-08-09 01:12:06,699][__main__][INFO] - Resuming from checkpoint: /n/netscratch/yelin_lab/Everyone/andigu/scaling/d15-curriculum/checkpoints/d15-curriculum-step=117496.ckpt
[2025-08-09 01:12:11,507][__main__][INFO] - Model loaded from checkpoint at global step 117496
[2025-08-09 01:12:11,602][data_module][INFO] - Created surface code dataset: d=15, rounds_max=15, p=2.1, batch_size=158
[2025-08-09 01:12:11,602][data_module][INFO] - Dataset configured for curriculum learning
[2025-08-09 04:24:54,348][__main__][INFO] - === STARTING EXPERIMENT: d15-decay ===
[2025-08-09 04:24:54,349][__main__][INFO] - PID: 928653
[2025-08-09 04:24:54,349][__main__][INFO] - SLURM_JOB_ID: 29226851
[2025-08-09 04:24:54,349][__main__][INFO] - NODE_RANK: 0
[2025-08-09 04:24:54,349][__main__][INFO] - WORLD_SIZE: 4
[2025-08-09 04:24:54,349][__main__][INFO] - MASTER_ADDR: 127.0.0.1
[2025-08-09 04:24:54,349][__main__][INFO] - MASTER_PORT: 40963
[2025-08-09 04:24:54,349][__main__][INFO] - SLURM_NODEID: 0
[2025-08-09 04:24:54,349][__main__][INFO] - SLURM_NNODES: 1
[2025-08-09 04:24:54,349][__main__][INFO] - SLURM_NODELIST: holygpu8a18302
[2025-08-09 04:24:54,349][__main__][INFO] - Architecture: resnet50
[2025-08-09 04:24:54,349][__main__][INFO] - Embedding Dim: 128
[2025-08-09 04:24:54,349][__main__][INFO] - Learning Rate: 0.0002
[2025-08-09 04:24:54,349][__main__][INFO] - Weight Decay: 0.00025
[2025-08-09 04:24:54,349][__main__][INFO] - Gradient Clip Val: 1.0
[2025-08-09 04:24:54,349][__main__][INFO] - Gradient Clip Algorithm: norm
[2025-08-09 04:24:54,349][__main__][INFO] - Accumulate Grad Batches: 1
[2025-08-09 04:24:54,349][__main__][INFO] - Channel Multipliers: [2, 2.5, 3, 3.5]
[2025-08-09 04:24:54,349][__main__][INFO] - Stage3 Stride: [1, 1, 1]
[2025-08-09 04:24:54,349][__main__][INFO] - Stage4 Stride: [1, 1, 1]
[2025-08-09 04:24:54,349][__main__][INFO] - Use LSTM: False
[2025-08-09 04:24:54,350][__main__][INFO] - Chunking: [1, 1, 1]
[2025-08-09 04:24:54,350][__main__][INFO] - Dataset: d=15, rounds_max=15, p=2.1
[2025-08-09 04:24:54,350][__main__][INFO] - === 3-STAGE CURRICULUM LEARNING ENABLED ===
[2025-08-09 04:24:54,350][__main__][INFO] - Stage 1: p=0.5 for 50000 steps
[2025-08-09 04:24:54,350][__main__][INFO] - Stage 2: p=0.5→2.1 over 50000 steps
[2025-08-09 04:24:54,350][__main__][INFO] - Stage 3: p=2.1 for 100000 steps
[2025-08-09 04:24:54,350][__main__][INFO] - Total curriculum steps: 200000
[2025-08-09 04:24:54,350][__main__][INFO] - Accelerator: auto
[2025-08-09 04:24:54,350][__main__][INFO] - Devices per node: 4
[2025-08-09 04:24:54,350][__main__][INFO] - Num Nodes: 1
[2025-08-09 04:24:54,350][__main__][INFO] - Total Devices: 4
[2025-08-09 04:24:54,350][__main__][INFO] - Strategy: auto
[2025-08-09 04:24:54,350][__main__][INFO] - Sync BatchNorm: True
[2025-08-09 04:24:54,350][__main__][INFO] - MWPM filtering: False
[2025-08-09 04:24:54,350][__main__][INFO] - Batch Size: auto-tuned
[2025-08-09 04:24:54,350][__main__][INFO] - Precision: bf16-mixed
[2025-08-09 04:24:54,350][__main__][INFO] - Max Steps: 200000 (curriculum override)
[2025-08-09 04:24:54,350][__main__][INFO] - Checkpoint every 15 minutes
[2025-08-09 04:24:54,351][__main__][INFO] - Log every 100 steps
[2025-08-09 04:24:54,351][__main__][INFO] - Num Workers: 16
[2025-08-09 04:24:54,351][__main__][INFO] - Prefetch Factor: 4
[2025-08-09 04:24:54,351][__main__][INFO] - Persistent Workers: True
[2025-08-09 04:24:54,351][__main__][INFO] - Experiment directory: /n/netscratch/yelin_lab/Everyone/andigu/scaling/d15-decay
[2025-08-09 04:24:54,353][__main__][INFO] - Loaded W&B run ID from file: qxcbovaf
[2025-08-09 04:24:54,354][__main__][INFO] - Setting up W&B logger with existing run ID: qxcbovaf
[2025-08-09 04:24:54,354][__main__][INFO] - Initializing wandb logger with params
[2025-08-09 04:24:54,357][stage_manager][INFO] - Initialized 3-stage curriculum learning:
[2025-08-09 04:24:54,357][stage_manager][INFO] -   Stage 1: p=0.5 for 50000 steps
[2025-08-09 04:24:54,357][stage_manager][INFO] -   Stage 2: p=0.5→2.1 over 50000 steps
[2025-08-09 04:24:54,357][stage_manager][INFO] -   Stage 3: p=2.1 for 100000 steps
[2025-08-09 04:24:54,357][stage_manager][INFO] -   Total steps: 200000
[2025-08-09 04:24:54,406][__main__][INFO] - Loaded batch size 158 from file
[2025-08-09 04:24:54,406][__main__][INFO] - Effective total batch size across 4 device(s) on 1 node(s) with 1 accumulation steps: 632
[2025-08-09 04:24:54,411][__main__][INFO] - Saved metadata: {'timestamp': 1754727894.4068055, 'slurm_job_id': '29226851', 'batch_size': 158, 'num_devices': 4, 'effective_batch_size': 632}
[2025-08-09 04:24:54,995][__main__][INFO] - === STARTING TRAINING ===
[2025-08-09 04:24:59,432][data_module][INFO] - Created surface code dataset: d=15, rounds_max=15, p=2.1, batch_size=158
[2025-08-09 04:24:59,432][data_module][INFO] - Dataset configured for curriculum learning
                                                                                    [2025-08-09 08:36:40,162][stage_manager][INFO] - === STAGE TRANSITION: Stage 1 → Stage 2 ===
[2025-08-09 08:36:40,165][stage_manager][INFO] - Global step: 50000
[2025-08-09 08:36:40,165][stage_manager][INFO] - Current p: 0.500
[2025-08-09 08:36:40,165][stage_manager][INFO] - Starting curriculum learning: p=0.5→2.1
[2025-08-09 12:48:11,770][stage_manager][INFO] - === STAGE TRANSITION: Stage 2 → Stage 3 ===
[2025-08-09 12:48:11,773][stage_manager][INFO] - Global step: 100000
[2025-08-09 12:48:11,773][stage_manager][INFO] - Current p: 2.100
[2025-08-09 12:48:11,773][stage_manager][INFO] - Starting final stage at p=2.1
[2025-08-09 18:04:41,301][__main__][INFO] - === STARTING EXPERIMENT: d15-curriculum ===
[2025-08-09 18:04:41,303][__main__][INFO] - PID: 25147
[2025-08-09 18:04:41,303][__main__][INFO] - SLURM_JOB_ID: 29262703
[2025-08-09 18:04:41,303][__main__][INFO] - NODE_RANK: 0
[2025-08-09 18:04:41,303][__main__][INFO] - WORLD_SIZE: 4
[2025-08-09 18:04:41,303][__main__][INFO] - MASTER_ADDR: 127.0.0.1
[2025-08-09 18:04:41,303][__main__][INFO] - MASTER_PORT: 55301
[2025-08-09 18:04:41,303][__main__][INFO] - SLURM_NODEID: 0
[2025-08-09 18:04:41,303][__main__][INFO] - SLURM_NNODES: 1
[2025-08-09 18:04:41,303][__main__][INFO] - SLURM_NODELIST: holygpu8a16203
[2025-08-09 18:04:41,303][__main__][INFO] - Architecture: resnet50
[2025-08-09 18:04:41,303][__main__][INFO] - Embedding Dim: 128
[2025-08-09 18:04:41,303][__main__][INFO] - Learning Rate: 0.0002
[2025-08-09 18:04:41,303][__main__][INFO] - Weight Decay: 0.0
[2025-08-09 18:04:41,304][__main__][INFO] - Gradient Clip Val: 1.0
[2025-08-09 18:04:41,304][__main__][INFO] - Gradient Clip Algorithm: norm
[2025-08-09 18:04:41,304][__main__][INFO] - Accumulate Grad Batches: 1
[2025-08-09 18:04:41,304][__main__][INFO] - Channel Multipliers: [2, 2.5, 3, 3.5]
[2025-08-09 18:04:41,304][__main__][INFO] - Stage3 Stride: [1, 1, 1]
[2025-08-09 18:04:41,304][__main__][INFO] - Stage4 Stride: [1, 1, 1]
[2025-08-09 18:04:41,304][__main__][INFO] - Use LSTM: False
[2025-08-09 18:04:41,304][__main__][INFO] - Chunking: [1, 1, 1]
[2025-08-09 18:04:41,304][__main__][INFO] - Dataset: d=15, rounds_max=15, p=2.1
[2025-08-09 18:04:41,304][__main__][INFO] - === 3-STAGE CURRICULUM LEARNING ENABLED ===
[2025-08-09 18:04:41,304][__main__][INFO] - Stage 1: p=0.5 for 50000 steps
[2025-08-09 18:04:41,304][__main__][INFO] - Stage 2: p=0.5→2.1 over 50000 steps
[2025-08-09 18:04:41,304][__main__][INFO] - Stage 3: p=2.1 for 200000 steps
[2025-08-09 18:04:41,304][__main__][INFO] - Total curriculum steps: 300000
[2025-08-09 18:04:41,304][__main__][INFO] - Accelerator: auto
[2025-08-09 18:04:41,304][__main__][INFO] - Devices per node: 4
[2025-08-09 18:04:41,304][__main__][INFO] - Num Nodes: 1
[2025-08-09 18:04:41,304][__main__][INFO] - Total Devices: 4
[2025-08-09 18:04:41,304][__main__][INFO] - Strategy: auto
[2025-08-09 18:04:41,305][__main__][INFO] - Sync BatchNorm: True
[2025-08-09 18:04:41,305][__main__][INFO] - MWPM filtering: False
[2025-08-09 18:04:41,305][__main__][INFO] - Batch Size: auto-tuned
[2025-08-09 18:04:41,305][__main__][INFO] - Precision: bf16-mixed
[2025-08-09 18:04:41,305][__main__][INFO] - Max Steps: 300000 (curriculum override)
[2025-08-09 18:04:41,305][__main__][INFO] - Checkpoint every 15 minutes
[2025-08-09 18:04:41,305][__main__][INFO] - Log every 100 steps
[2025-08-09 18:04:41,305][__main__][INFO] - Num Workers: 16
[2025-08-09 18:04:41,305][__main__][INFO] - Prefetch Factor: 4
[2025-08-09 18:04:41,305][__main__][INFO] - Persistent Workers: True
[2025-08-09 18:04:41,305][__main__][INFO] - Experiment directory: /n/netscratch/yelin_lab/Everyone/andigu/scaling/d15-curriculum
[2025-08-09 18:04:41,316][__main__][INFO] - Found latest checkpoint: /n/netscratch/yelin_lab/Everyone/andigu/scaling/d15-curriculum/checkpoints/d15-curriculum-step=199789.ckpt
[2025-08-09 18:04:41,317][__main__][INFO] - Loaded W&B run ID from file: fagsjfnl
[2025-08-09 18:04:41,318][__main__][INFO] - Setting up W&B logger with existing run ID: fagsjfnl
[2025-08-09 18:04:41,318][__main__][INFO] - Initializing wandb logger with params
[2025-08-09 18:04:41,321][stage_manager][INFO] - Initialized 3-stage curriculum learning:
[2025-08-09 18:04:41,321][stage_manager][INFO] -   Stage 1: p=0.5 for 50000 steps
[2025-08-09 18:04:41,321][stage_manager][INFO] -   Stage 2: p=0.5→2.1 over 50000 steps
[2025-08-09 18:04:41,321][stage_manager][INFO] -   Stage 3: p=2.1 for 200000 steps
[2025-08-09 18:04:41,321][stage_manager][INFO] -   Total steps: 300000
[2025-08-09 18:04:41,368][__main__][INFO] - Loaded batch size 158 from file
[2025-08-09 18:04:41,369][__main__][INFO] - Effective total batch size across 4 device(s) on 1 node(s) with 1 accumulation steps: 632
[2025-08-09 18:04:41,373][__main__][INFO] - Saved metadata: {'timestamp': 1754777081.3691945, 'slurm_job_id': '29262703', 'batch_size': 158, 'num_devices': 4, 'effective_batch_size': 632}
[2025-08-09 18:04:41,458][data_module][INFO] - Set DataModule global_step_offset to 199789 (will apply when dataset is created)
[2025-08-09 18:04:41,458][__main__][INFO] - Updated DataModule global_step_offset to 199789 for resume
[2025-08-09 18:04:42,090][__main__][INFO] - === STARTING TRAINING ===
[2025-08-09 18:04:42,091][__main__][INFO] - Resuming from checkpoint: /n/netscratch/yelin_lab/Everyone/andigu/scaling/d15-curriculum/checkpoints/d15-curriculum-step=199789.ckpt
[2025-08-09 18:04:46,992][__main__][INFO] - Model loaded from checkpoint at global step 199789
[2025-08-09 18:04:47,080][data_module][INFO] - Created surface code dataset: d=15, rounds_max=15, p=2.1, batch_size=158
[2025-08-09 18:04:47,080][data_module][INFO] - Dataset configured for curriculum learning
[2025-08-09 20:37:17,818][__main__][INFO] - === STARTING EXPERIMENT: d15-curriculum ===
[2025-08-09 20:37:17,818][__main__][INFO] - PID: 887798
[2025-08-09 20:37:17,818][__main__][INFO] - SLURM_JOB_ID: 29262703
[2025-08-09 20:37:17,818][__main__][INFO] - NODE_RANK: 0
[2025-08-09 20:37:17,818][__main__][INFO] - WORLD_SIZE: 4
[2025-08-09 20:37:17,818][__main__][INFO] - MASTER_ADDR: 127.0.0.1
[2025-08-09 20:37:17,818][__main__][INFO] - MASTER_PORT: 60535
[2025-08-09 20:37:17,819][__main__][INFO] - SLURM_NODEID: 0
[2025-08-09 20:37:17,819][__main__][INFO] - SLURM_NNODES: 1
[2025-08-09 20:37:17,819][__main__][INFO] - SLURM_NODELIST: holygpu8a18204
[2025-08-09 20:37:17,819][__main__][INFO] - Architecture: resnet50
[2025-08-09 20:37:17,819][__main__][INFO] - Embedding Dim: 128
[2025-08-09 20:37:17,819][__main__][INFO] - Learning Rate: 0.0002
[2025-08-09 20:37:17,819][__main__][INFO] - Weight Decay: 0.0
[2025-08-09 20:37:17,819][__main__][INFO] - Gradient Clip Val: 1.0
[2025-08-09 20:37:17,819][__main__][INFO] - Gradient Clip Algorithm: norm
[2025-08-09 20:37:17,819][__main__][INFO] - Accumulate Grad Batches: 1
[2025-08-09 20:37:17,819][__main__][INFO] - Channel Multipliers: [2, 2.5, 3, 3.5]
[2025-08-09 20:37:17,819][__main__][INFO] - Stage3 Stride: [1, 1, 1]
[2025-08-09 20:37:17,819][__main__][INFO] - Stage4 Stride: [1, 1, 1]
[2025-08-09 20:37:17,819][__main__][INFO] - Use LSTM: False
[2025-08-09 20:37:17,819][__main__][INFO] - Chunking: [1, 1, 1]
[2025-08-09 20:37:17,819][__main__][INFO] - Dataset: d=15, rounds_max=15, p=2.1
[2025-08-09 20:37:17,819][__main__][INFO] - === 3-STAGE CURRICULUM LEARNING ENABLED ===
[2025-08-09 20:37:17,819][__main__][INFO] - Stage 1: p=0.5 for 50000 steps
[2025-08-09 20:37:17,819][__main__][INFO] - Stage 2: p=0.5→2.1 over 50000 steps
[2025-08-09 20:37:17,819][__main__][INFO] - Stage 3: p=2.1 for 200000 steps
[2025-08-09 20:37:17,820][__main__][INFO] - Total curriculum steps: 300000
[2025-08-09 20:37:17,820][__main__][INFO] - Accelerator: auto
[2025-08-09 20:37:17,820][__main__][INFO] - Devices per node: 4
[2025-08-09 20:37:17,820][__main__][INFO] - Num Nodes: 1
[2025-08-09 20:37:17,820][__main__][INFO] - Total Devices: 4
[2025-08-09 20:37:17,820][__main__][INFO] - Strategy: auto
[2025-08-09 20:37:17,820][__main__][INFO] - Sync BatchNorm: True
[2025-08-09 20:37:17,820][__main__][INFO] - MWPM filtering: False
[2025-08-09 20:37:17,820][__main__][INFO] - Batch Size: auto-tuned
[2025-08-09 20:37:17,820][__main__][INFO] - Precision: bf16-mixed
[2025-08-09 20:37:17,820][__main__][INFO] - Max Steps: 300000 (curriculum override)
[2025-08-09 20:37:17,820][__main__][INFO] - Checkpoint every 15 minutes
[2025-08-09 20:37:17,820][__main__][INFO] - Log every 100 steps
[2025-08-09 20:37:17,820][__main__][INFO] - Num Workers: 16
[2025-08-09 20:37:17,820][__main__][INFO] - Prefetch Factor: 4
[2025-08-09 20:37:17,820][__main__][INFO] - Persistent Workers: True
[2025-08-09 20:37:17,820][__main__][INFO] - Experiment directory: /n/netscratch/yelin_lab/Everyone/andigu/scaling/d15-curriculum
[2025-08-09 20:37:17,823][__main__][INFO] - Found latest checkpoint: /n/netscratch/yelin_lab/Everyone/andigu/scaling/d15-curriculum/checkpoints/d15-curriculum-step=226398.ckpt
[2025-08-09 20:37:17,825][__main__][INFO] - Loaded W&B run ID from file: fagsjfnl
[2025-08-09 20:37:17,825][__main__][INFO] - Setting up W&B logger with existing run ID: fagsjfnl
[2025-08-09 20:37:17,825][__main__][INFO] - Initializing wandb logger with params
[2025-08-09 20:37:17,828][stage_manager][INFO] - Initialized 3-stage curriculum learning:
[2025-08-09 20:37:17,828][stage_manager][INFO] -   Stage 1: p=0.5 for 50000 steps
[2025-08-09 20:37:17,828][stage_manager][INFO] -   Stage 2: p=0.5→2.1 over 50000 steps
[2025-08-09 20:37:17,829][stage_manager][INFO] -   Stage 3: p=2.1 for 200000 steps
[2025-08-09 20:37:17,829][stage_manager][INFO] -   Total steps: 300000
[2025-08-09 20:37:17,878][__main__][INFO] - Loaded batch size 158 from file
[2025-08-09 20:37:17,878][__main__][INFO] - Effective total batch size across 4 device(s) on 1 node(s) with 1 accumulation steps: 632
[2025-08-09 20:37:17,884][__main__][INFO] - Saved metadata: {'timestamp': 1754786237.8789735, 'slurm_job_id': '29262703', 'batch_size': 158, 'num_devices': 4, 'effective_batch_size': 632}
[2025-08-09 20:37:17,974][data_module][INFO] - Set DataModule global_step_offset to 226398 (will apply when dataset is created)
[2025-08-09 20:37:17,974][__main__][INFO] - Updated DataModule global_step_offset to 226398 for resume
[2025-08-09 20:37:18,614][__main__][INFO] - === STARTING TRAINING ===
[2025-08-09 20:37:18,614][__main__][INFO] - Resuming from checkpoint: /n/netscratch/yelin_lab/Everyone/andigu/scaling/d15-curriculum/checkpoints/d15-curriculum-step=226398.ckpt
[2025-08-09 20:37:25,013][__main__][INFO] - Model loaded from checkpoint at global step 226398
[2025-08-09 20:37:25,244][data_module][INFO] - Created surface code dataset: d=15, rounds_max=15, p=2.1, batch_size=158
[2025-08-09 20:37:25,244][data_module][INFO] - Dataset configured for curriculum learning
[2025-08-10 03:02:16,874][__main__][INFO] - === TRAINING COMPLETED SUCCESSFULLY ===
