[2025-08-06 20:37:56,647][__main__][INFO] - Set seed 42 for local rank 0
[2025-08-06 20:37:56,648][__main__][INFO] - === STARTING EXPERIMENT: resnet50_filt_4gpu ===
[2025-08-06 20:37:56,648][__main__][INFO] - PID: 759724
[2025-08-06 20:37:56,648][__main__][INFO] - SLURM_JOB_ID: 28962560
[2025-08-06 20:37:56,648][__main__][INFO] - Architecture: resnet50
[2025-08-06 20:37:56,648][__main__][INFO] - Embedding Dim: 64
[2025-08-06 20:37:56,648][__main__][INFO] - Learning Rate: 0.0003
[2025-08-06 20:37:56,648][__main__][INFO] - Stage3 Stride: [1, 1, 1]
[2025-08-06 20:37:56,649][__main__][INFO] - Stage4 Stride: [1, 1, 1]
[2025-08-06 20:37:56,649][__main__][INFO] - Use LSTM: False
[2025-08-06 20:37:56,649][__main__][INFO] - Dataset: d=9, rounds_max=19, p=2.1
[2025-08-06 20:37:56,649][__main__][INFO] - Accelerator: auto
[2025-08-06 20:37:56,649][__main__][INFO] - Devices: auto
[2025-08-06 20:37:56,649][__main__][INFO] - Strategy: auto
[2025-08-06 20:37:56,649][__main__][INFO] - Num Nodes: 1
[2025-08-06 20:37:56,649][__main__][INFO] - Sync BatchNorm: True
[2025-08-06 20:37:56,649][__main__][INFO] - MWPM filtering: True
[2025-08-06 20:37:56,649][__main__][INFO] - Batch Size: auto-tuned
[2025-08-06 20:37:56,650][__main__][INFO] - Precision: bf16-mixed
[2025-08-06 20:37:56,650][__main__][INFO] - Max Steps: 50000
[2025-08-06 20:37:56,650][__main__][INFO] - Checkpoint every 15 minutes
[2025-08-06 20:37:56,650][__main__][INFO] - Log every 100 steps
[2025-08-06 20:37:56,650][__main__][INFO] - Num Workers: 15
[2025-08-06 20:37:56,650][__main__][INFO] - Prefetch Factor: 4
[2025-08-06 20:37:56,650][__main__][INFO] - Persistent Workers: True
[2025-08-06 20:37:56,650][__main__][INFO] - Experiment directory: /n/netscratch/yelin_lab/Everyone/andigu/scaling/resnet50_filt_4gpu
[2025-08-06 20:37:56,654][__main__][INFO] - Loaded W&B run ID from file: 9mun4wfg
[2025-08-06 20:37:56,655][__main__][INFO] - Setting up W&B logger with existing run ID: 9mun4wfg
[2025-08-06 20:37:56,655][__main__][INFO] - Initializing wandb logger with params
[2025-08-06 20:37:56,795][__main__][INFO] - Loaded batch size 948 from file
[2025-08-06 20:37:56,880][__main__][INFO] - === STARTING TRAINING ===
[2025-08-06 20:38:01,771][__main__][INFO] - Set seed 45 for local rank 3
[2025-08-06 20:38:33,730][__main__][INFO] - Set seed 42 for local rank 0
[2025-08-06 20:38:33,730][__main__][INFO] - === STARTING EXPERIMENT: resnet101_filt_4gpu ===
[2025-08-06 20:38:33,730][__main__][INFO] - PID: 3820472
[2025-08-06 20:38:33,730][__main__][INFO] - SLURM_JOB_ID: 28962566
[2025-08-06 20:38:33,730][__main__][INFO] - Architecture: resnet101
[2025-08-06 20:38:33,730][__main__][INFO] - Embedding Dim: 64
[2025-08-06 20:38:33,731][__main__][INFO] - Learning Rate: 0.001
[2025-08-06 20:38:33,731][__main__][INFO] - Stage3 Stride: [1, 1, 1]
[2025-08-06 20:38:33,731][__main__][INFO] - Stage4 Stride: [1, 1, 1]
[2025-08-06 20:38:33,731][__main__][INFO] - Use LSTM: False
[2025-08-06 20:38:33,731][__main__][INFO] - Dataset: d=9, rounds_max=19, p=2.1
[2025-08-06 20:38:33,731][__main__][INFO] - Accelerator: auto
[2025-08-06 20:38:33,731][__main__][INFO] - Devices: auto
[2025-08-06 20:38:33,731][__main__][INFO] - Strategy: auto
[2025-08-06 20:38:33,731][__main__][INFO] - Num Nodes: 1
[2025-08-06 20:38:33,731][__main__][INFO] - Sync BatchNorm: True
[2025-08-06 20:38:33,731][__main__][INFO] - MWPM filtering: True
[2025-08-06 20:38:33,731][__main__][INFO] - Batch Size: auto-tuned
[2025-08-06 20:38:33,731][__main__][INFO] - Precision: bf16-mixed
[2025-08-06 20:38:33,731][__main__][INFO] - Max Steps: 50000
[2025-08-06 20:38:33,731][__main__][INFO] - Checkpoint every 15 minutes
[2025-08-06 20:38:33,731][__main__][INFO] - Log every 100 steps
[2025-08-06 20:38:33,731][__main__][INFO] - Num Workers: 15
[2025-08-06 20:38:33,731][__main__][INFO] - Prefetch Factor: 4
[2025-08-06 20:38:33,731][__main__][INFO] - Persistent Workers: True
[2025-08-06 20:38:33,732][__main__][INFO] - Experiment directory: /n/netscratch/yelin_lab/Everyone/andigu/scaling/resnet101_filt_4gpu
[2025-08-06 20:38:33,737][__main__][INFO] - Loaded W&B run ID from file: mwv9malo
[2025-08-06 20:38:33,737][__main__][INFO] - Setting up W&B logger with existing run ID: mwv9malo
[2025-08-06 20:38:33,737][__main__][INFO] - Initializing wandb logger with params
[2025-08-06 20:38:33,871][__main__][INFO] - Loaded batch size 455 from file
[2025-08-06 20:38:33,949][__main__][INFO] - === STARTING TRAINING ===
[2025-08-06 20:38:39,304][__main__][INFO] - Set seed 45 for local rank 3
[2025-08-06 20:39:55,370][__main__][ERROR] - === TRAINING FAILED: DataLoader worker (pid 3820760) is killed by signal: Terminated.  ===
[2025-08-06 20:39:55,445][__main__][ERROR] - === TRAINING FAILED: DataLoader worker (pid 760653) is killed by signal: Terminated.  ===
[2025-08-06 20:45:54,767][__main__][INFO] - Set seed 42 for local rank 0
[2025-08-06 20:45:54,768][__main__][INFO] - === STARTING EXPERIMENT: resnet50_filt_4gpu ===
[2025-08-06 20:45:54,768][__main__][INFO] - PID: 763807
[2025-08-06 20:45:54,768][__main__][INFO] - SLURM_JOB_ID: 28962710
[2025-08-06 20:45:54,768][__main__][INFO] - Architecture: resnet50
[2025-08-06 20:45:54,768][__main__][INFO] - Embedding Dim: 64
[2025-08-06 20:45:54,768][__main__][INFO] - Learning Rate: 0.0003
[2025-08-06 20:45:54,768][__main__][INFO] - Stage3 Stride: [1, 1, 1]
[2025-08-06 20:45:54,768][__main__][INFO] - Stage4 Stride: [1, 1, 1]
[2025-08-06 20:45:54,769][__main__][INFO] - Use LSTM: False
[2025-08-06 20:45:54,769][__main__][INFO] - Dataset: d=19, rounds_max=19, p=2.1
[2025-08-06 20:45:54,769][__main__][INFO] - Accelerator: auto
[2025-08-06 20:45:54,769][__main__][INFO] - Devices: auto
[2025-08-06 20:45:54,769][__main__][INFO] - Strategy: auto
[2025-08-06 20:45:54,769][__main__][INFO] - Num Nodes: 1
[2025-08-06 20:45:54,769][__main__][INFO] - Sync BatchNorm: True
[2025-08-06 20:45:54,769][__main__][INFO] - MWPM filtering: True
[2025-08-06 20:45:54,769][__main__][INFO] - Batch Size: auto-tuned
[2025-08-06 20:45:54,769][__main__][INFO] - Precision: bf16-mixed
[2025-08-06 20:45:54,769][__main__][INFO] - Max Steps: 50000
[2025-08-06 20:45:54,770][__main__][INFO] - Checkpoint every 15 minutes
[2025-08-06 20:45:54,770][__main__][INFO] - Log every 100 steps
[2025-08-06 20:45:54,770][__main__][INFO] - Num Workers: 15
[2025-08-06 20:45:54,770][__main__][INFO] - Prefetch Factor: 4
[2025-08-06 20:45:54,770][__main__][INFO] - Persistent Workers: True
[2025-08-06 20:45:54,770][__main__][INFO] - Experiment directory: /n/netscratch/yelin_lab/Everyone/andigu/scaling/resnet50_filt_4gpu
[2025-08-06 20:45:54,779][__main__][INFO] - Loaded W&B run ID from file: xissoqhx
[2025-08-06 20:45:54,779][__main__][INFO] - Setting up W&B logger with existing run ID: xissoqhx
[2025-08-06 20:45:54,779][__main__][INFO] - Initializing wandb logger with params
[2025-08-06 20:45:54,907][__main__][INFO] - Loaded batch size 236 from file
[2025-08-06 20:45:54,992][__main__][INFO] - === STARTING TRAINING ===
[2025-08-06 20:45:59,973][__main__][INFO] - Set seed 45 for local rank 3
